<!DOCTYPE html PUBLIC "-//W3C//DTD XHTML 1.1//EN" "https://www.w3.org/TR/xhtml11/DTD/xhtml11.dtd">
<html xmlns="https://www.w3.org/1999/xhtml">
<head>
<meta http-equiv="content-type" content="text/html; charset=UTF-8"/>
<title>TestNG Report</title>
<style type="text/css">table {margin-bottom:10px;border-collapse:collapse;empty-cells:show}th,td {border:1px solid #009;padding:.25em .5em}th {vertical-align:bottom}td {vertical-align:top}table a {font-weight:bold}.stripe td {background-color: #E6EBF9}.num {text-align:right}.passedodd td {background-color: #3F3}.passedeven td {background-color: #0A0}.skippedodd td {background-color: #DDD}.skippedeven td {background-color: #CCC}.failedodd td,.attn {background-color: #F33}.failedeven td,.stripe .attn {background-color: #D00}.stacktrace {white-space:pre;font-family:monospace}.totop {font-size:85%;text-align:center;border-bottom:2px solid #000}.invisible {display:none}</style>
</head>
<body>
<table>
<tr><th>Test</th><th># Passed</th><th># Skipped</th><th># Retried</th><th># Failed</th><th>Time (ms)</th><th>Included Groups</th><th>Excluded Groups</th></tr>
<tr><th colspan="8">OpenCart Test Suite</th></tr>
<tr><td><a href="#t0">Login Tests</a></td><td class="num">29</td><td class="num">0</td><td class="num">0</td><td class="num attn">6</td><td class="num">809,524</td><td></td><td></td></tr>
</table>
<table id='summary'><thead><tr><th>Class</th><th>Method</th><th>Start</th><th>Time (ms)</th></tr></thead><tbody><tr><th colspan="4">OpenCart Test Suite</th></tr></tbody><tbody id="t0"><tr><th colspan="4">Login Tests &#8212; failed (configuration methods)</th></tr><tr class="failedeven"><td rowspan="1">com.opencart.tests.LoginTests</td><td><a href="#m0">tearDownClass</a></td><td rowspan="1">1761841724664</td><td rowspan="1">2</td></tr><tr><th colspan="4">Login Tests &#8212; failed</th></tr><tr class="failedeven"><td rowspan="6">com.opencart.tests.LoginTests</td><td><a href="#m1">testBrowserBackAfterLogout</a></td><td rowspan="1">1761841174859</td><td rowspan="1">31121</td></tr><tr class="failedeven"><td><a href="#m2">testDataDrivenLogin</a></td><td rowspan="3">1761841392656</td><td rowspan="3">30718</td></tr><tr class="failedeven"><td><a href="#m3">testDataDrivenLogin</a></td></tr><tr class="failedeven"><td><a href="#m4">testDataDrivenLogin</a></td></tr><tr class="failedeven"><td><a href="#m5">testMultipleUnsuccessfulLogins</a></td><td rowspan="1">1761841206176</td><td rowspan="1">32995</td></tr><tr class="failedeven"><td><a href="#m6">testPlaceholderTexts</a></td><td rowspan="1">1761841085713</td><td rowspan="1">30674</td></tr><tr><th colspan="4">Login Tests &#8212; passed</th></tr><tr class="passedeven"><td rowspan="29">com.opencart.tests.LoginTests</td><td><a href="#m7">cleanupAfterTests</a></td><td rowspan="1">1761841724044</td><td rowspan="1">604</td></tr><tr class="passedeven"><td><a href="#m8">testBrowserBackAfterLogin</a></td><td rowspan="1">1761841116557</td><td rowspan="1">58293</td></tr><tr class="passedeven"><td><a href="#m9">testCrossBrowserCompatibility</a></td><td rowspan="1">1761841327375</td><td rowspan="1">17347</td></tr><tr class="passedeven"><td><a href="#m10">testDataDrivenLogin</a></td><td rowspan="9">1761841344966</td><td rowspan="9">47684</td></tr><tr class="passedeven"><td><a href="#m11">testDataDrivenLogin</a></td></tr><tr class="passedeven"><td><a href="#m12">testDataDrivenLogin</a></td></tr><tr class="passedeven"><td><a href="#m13">testDataDrivenLogin</a></td></tr><tr class="passedeven"><td><a href="#m14">testDataDrivenLogin</a></td></tr><tr class="passedeven"><td><a href="#m15">testDataDrivenLogin</a></td></tr><tr class="passedeven"><td><a href="#m16">testDataDrivenLogin</a></td></tr><tr class="passedeven"><td><a href="#m17">testDataDrivenLogin</a></td></tr><tr class="passedeven"><td><a href="#m18">testDataDrivenLogin</a></td></tr><tr class="passedeven"><td><a href="#m19">testEmptyCredentials</a></td><td rowspan="1">1761840995994</td><td rowspan="1">12905</td></tr><tr class="passedeven"><td><a href="#m20">testForgottenPasswordLink</a></td><td rowspan="1">1761841008908</td><td rowspan="1">21657</td></tr><tr class="passedeven"><td><a href="#m21">testInvalidEmailAndPassword</a></td><td rowspan="1">1761840965025</td><td rowspan="1">5894</td></tr><tr class="passedeven"><td><a href="#m22">testInvalidEmailValidPassword</a></td><td rowspan="1">1761840970929</td><td rowspan="1">12573</td></tr><tr class="passedeven"><td><a href="#m23">testKeyboardNavigationLogin</a></td><td rowspan="1">1761841030574</td><td rowspan="1">55126</td></tr><tr class="passedeven"><td><a href="#m24">testLoginAfterPasswordChange</a></td><td rowspan="1">1761841267703</td><td rowspan="1">11</td></tr><tr class="passedeven"><td><a href="#m25">testMultipleNavigationWays</a></td><td rowspan="1">1761841290660</td><td rowspan="1">10895</td></tr><tr class="passedeven"><td><a href="#m26">testNavigationFromLoginPage</a></td><td rowspan="1">1761841285032</td><td rowspan="1">5615</td></tr><tr class="passedeven"><td><a href="#m27">testPageMetadata</a></td><td rowspan="1">1761841301565</td><td rowspan="1">10970</td></tr><tr class="passedeven"><td><a href="#m28">testPasswordCopyRestriction</a></td><td rowspan="1">1761841244170</td><td rowspan="1">12643</td></tr><tr class="passedeven"><td><a href="#m29">testPasswordMasking</a></td><td rowspan="1">1761841239409</td><td rowspan="1">4751</td></tr><tr class="passedeven"><td><a href="#m30">testPasswordNotInSource</a></td><td rowspan="1">1761841256839</td><td rowspan="1">10858</td></tr><tr class="passedeven"><td><a href="#m31">testSessionPersistence</a></td><td rowspan="1">1761841267722</td><td rowspan="1">17301</td></tr><tr class="passedeven"><td><a href="#m32">testUILayout</a></td><td rowspan="1">1761841312545</td><td rowspan="1">14824</td></tr><tr class="passedeven"><td><a href="#m33">testValidEmailInvalidPassword</a></td><td rowspan="1">1761840983519</td><td rowspan="1">12462</td></tr><tr class="passedeven"><td><a href="#m34">testValidLogin</a></td><td rowspan="1">1761840927154</td><td rowspan="1">22566</td></tr><tr class="passedeven"><td><a href="#m35">testValidLoginWithLastRowData</a></td><td rowspan="1">1761840949935</td><td rowspan="1">15078</td></tr></tbody>
</table>
<h2>Login Tests</h2><h3 id="m0">com.opencart.tests.LoginTests#tearDownClass</h3><table class="result"><tr><th>Exception</th></tr><tr><td><div class="stacktrace">java.lang.AssertionError: The following asserts failed:
	Should be navigated to Forgotten Password page expected [true] but found [false],
	Login should fail with invalid credentials: invalid@test.com expected [false] but found [true],
	Login should fail with invalid credentials:  expected [false] but found [true],
	Login should fail with invalid credentials: test@test.com expected [false] but found [true],
	Login should fail with invalid credentials:  expected [false] but found [true],
	Login should fail with invalid credentials: invalidemail expected [false] but found [true]
	at com.opencart.base.BaseTest.tearDownClass(BaseTest.java:146)
	at java.base/java.util.ArrayList.forEach(ArrayList.java:1511)
... Removed 32 stack frames</div></td></tr></table><p class="totop"><a href="#summary">back to summary</a></p>
<h3 id="m1">com.opencart.tests.LoginTests#testBrowserBackAfterLogout</h3><table class="result"><tr><th>Exception</th></tr><tr><td><div class="stacktrace">java.lang.RuntimeException: Failed to navigate to Login page
	at com.opencart.pages.LoginPage.navigateToLogin(LoginPage.java:70)
	at com.opencart.tests.LoginTests.testBrowserBackAfterLogout(LoginTests.java:395)
	at java.base/java.util.ArrayList.forEach(ArrayList.java:1511)
Caused by: org.openqa.selenium.TimeoutException: Expected condition failed: waiting for element to be clickable: By.xpath: //a[contains(text(), &apos;Login&apos;)] (tried for 20 second(s) with 500 milliseconds interval)
Build info: version: &apos;4.25.0&apos;, revision: &apos;8a8aea2337&apos;
System info: os.name: &apos;Windows 11&apos;, os.arch: &apos;amd64&apos;, os.version: &apos;10.0&apos;, java.version: &apos;17.0.16&apos;
Driver info: org.openqa.selenium.chrome.ChromeDriver
Capabilities {acceptInsecureCerts: false, browserName: chrome, browserVersion: 141.0.7390.123, chrome: {chromedriverVersion: 141.0.7390.122 (b477534e7e1..., userDataDir: C:\Users\vimal\AppData\Loca...}, fedcm:accounts: true, goog:chromeOptions: {debuggerAddress: localhost:63541}, networkConnectionEnabled: false, pageLoadStrategy: normal, platformName: windows, proxy: Proxy(), se:cdp: ws://localhost:63541/devtoo..., se:cdpVersion: 141.0.7390.123, setWindowRect: true, strictFileInteractability: false, timeouts: {implicit: 0, pageLoad: 300000, script: 30000}, unhandledPromptBehavior: dismiss and notify, webauthn:extension:credBlob: true, webauthn:extension:largeBlob: true, webauthn:extension:minPinLength: true, webauthn:extension:prf: true, webauthn:virtualAuthenticators: true}
Session ID: b57aa99404cb743aed19b4cb086b88a2
	at org.openqa.selenium.support.ui.WebDriverWait.timeoutException(WebDriverWait.java:84)
	at org.openqa.selenium.support.ui.FluentWait.until(FluentWait.java:228)
	at com.opencart.utilities.WaitUtils.waitForElementToBeClickable(WaitUtils.java:56)
	at com.opencart.pages.LoginPage.navigateToLogin(LoginPage.java:56)
	... 33 more
... Removed 31 stack frames</div></td></tr></table><p class="totop"><a href="#summary">back to summary</a></p>
<h3 id="m2">com.opencart.tests.LoginTests#testDataDrivenLogin</h3><table class="result"><tr class="param"><th>Parameter #1</th><th>Parameter #2</th><th>Parameter #3</th></tr><tr class="param stripe"><td>vk636485@gmail.com</td><td>Vimalutr16@</td><td>SUCCESS</td></tr><tr><th colspan="3">Exception</th></tr><tr><td colspan="3"><div class="stacktrace">java.lang.RuntimeException: Failed to navigate to Login page
	at com.opencart.pages.LoginPage.navigateToLogin(LoginPage.java:70)
	at com.opencart.tests.LoginTests.testDataDrivenLogin(LoginTests.java:712)
	at java.base/java.util.ArrayList.forEach(ArrayList.java:1511)
Caused by: org.openqa.selenium.TimeoutException: Expected condition failed: waiting for element to be clickable: By.xpath: //a[contains(text(), &apos;Login&apos;)] (tried for 20 second(s) with 500 milliseconds interval)
Build info: version: &apos;4.25.0&apos;, revision: &apos;8a8aea2337&apos;
System info: os.name: &apos;Windows 11&apos;, os.arch: &apos;amd64&apos;, os.version: &apos;10.0&apos;, java.version: &apos;17.0.16&apos;
Driver info: org.openqa.selenium.chrome.ChromeDriver
Capabilities {acceptInsecureCerts: false, browserName: chrome, browserVersion: 141.0.7390.123, chrome: {chromedriverVersion: 141.0.7390.122 (b477534e7e1..., userDataDir: C:\Users\vimal\AppData\Loca...}, fedcm:accounts: true, goog:chromeOptions: {debuggerAddress: localhost:63541}, networkConnectionEnabled: false, pageLoadStrategy: normal, platformName: windows, proxy: Proxy(), se:cdp: ws://localhost:63541/devtoo..., se:cdpVersion: 141.0.7390.123, setWindowRect: true, strictFileInteractability: false, timeouts: {implicit: 0, pageLoad: 300000, script: 30000}, unhandledPromptBehavior: dismiss and notify, webauthn:extension:credBlob: true, webauthn:extension:largeBlob: true, webauthn:extension:minPinLength: true, webauthn:extension:prf: true, webauthn:virtualAuthenticators: true}
Session ID: b57aa99404cb743aed19b4cb086b88a2
	at org.openqa.selenium.support.ui.WebDriverWait.timeoutException(WebDriverWait.java:84)
	at org.openqa.selenium.support.ui.FluentWait.until(FluentWait.java:228)
	at com.opencart.utilities.WaitUtils.waitForElementToBeClickable(WaitUtils.java:56)
	at com.opencart.pages.LoginPage.navigateToLogin(LoginPage.java:56)
	... 33 more
... Removed 31 stack frames</div></td></tr></table><p class="totop"><a href="#summary">back to summary</a></p>
<h3 id="m3">com.opencart.tests.LoginTests#testDataDrivenLogin</h3><table class="result"><tr class="param"><th>Parameter #1</th><th>Parameter #2</th><th>Parameter #3</th></tr><tr class="param stripe"><td>vimal1@test.com</td><td>Password@123</td><td>SUCCESS</td></tr><tr><th colspan="3">Exception</th></tr><tr><td colspan="3"><div class="stacktrace">java.lang.RuntimeException: Failed to navigate to Login page
	at com.opencart.pages.LoginPage.navigateToLogin(LoginPage.java:70)
	at com.opencart.tests.LoginTests.testDataDrivenLogin(LoginTests.java:712)
	at java.base/java.util.ArrayList.forEach(ArrayList.java:1511)
Caused by: org.openqa.selenium.TimeoutException: Expected condition failed: waiting for element to be clickable: By.xpath: //a[contains(text(), &apos;Login&apos;)] (tried for 20 second(s) with 500 milliseconds interval)
Build info: version: &apos;4.25.0&apos;, revision: &apos;8a8aea2337&apos;
System info: os.name: &apos;Windows 11&apos;, os.arch: &apos;amd64&apos;, os.version: &apos;10.0&apos;, java.version: &apos;17.0.16&apos;
Driver info: org.openqa.selenium.chrome.ChromeDriver
Capabilities {acceptInsecureCerts: false, browserName: chrome, browserVersion: 141.0.7390.123, chrome: {chromedriverVersion: 141.0.7390.122 (b477534e7e1..., userDataDir: C:\Users\vimal\AppData\Loca...}, fedcm:accounts: true, goog:chromeOptions: {debuggerAddress: localhost:63541}, networkConnectionEnabled: false, pageLoadStrategy: normal, platformName: windows, proxy: Proxy(), se:cdp: ws://localhost:63541/devtoo..., se:cdpVersion: 141.0.7390.123, setWindowRect: true, strictFileInteractability: false, timeouts: {implicit: 0, pageLoad: 300000, script: 30000}, unhandledPromptBehavior: dismiss and notify, webauthn:extension:credBlob: true, webauthn:extension:largeBlob: true, webauthn:extension:minPinLength: true, webauthn:extension:prf: true, webauthn:virtualAuthenticators: true}
Session ID: b57aa99404cb743aed19b4cb086b88a2
	at org.openqa.selenium.support.ui.WebDriverWait.timeoutException(WebDriverWait.java:84)
	at org.openqa.selenium.support.ui.FluentWait.until(FluentWait.java:228)
	at com.opencart.utilities.WaitUtils.waitForElementToBeClickable(WaitUtils.java:56)
	at com.opencart.pages.LoginPage.navigateToLogin(LoginPage.java:56)
	... 33 more
... Removed 31 stack frames</div></td></tr></table><p class="totop"><a href="#summary">back to summary</a></p>
<h3 id="m4">com.opencart.tests.LoginTests#testDataDrivenLogin</h3><table class="result"><tr class="param"><th>Parameter #1</th><th>Parameter #2</th><th>Parameter #3</th></tr><tr class="param stripe"><td>shivab1@test.com</td><td>Password@123</td><td>SUCCESS</td></tr><tr><th colspan="3">Exception</th></tr><tr><td colspan="3"><div class="stacktrace">java.lang.RuntimeException: Failed to navigate to Login page
	at com.opencart.pages.LoginPage.navigateToLogin(LoginPage.java:70)
	at com.opencart.tests.LoginTests.testDataDrivenLogin(LoginTests.java:712)
	at java.base/java.util.ArrayList.forEach(ArrayList.java:1511)
Caused by: org.openqa.selenium.TimeoutException: Expected condition failed: waiting for element to be clickable: By.xpath: //a[contains(text(), &apos;Login&apos;)] (tried for 20 second(s) with 500 milliseconds interval)
Build info: version: &apos;4.25.0&apos;, revision: &apos;8a8aea2337&apos;
System info: os.name: &apos;Windows 11&apos;, os.arch: &apos;amd64&apos;, os.version: &apos;10.0&apos;, java.version: &apos;17.0.16&apos;
Driver info: org.openqa.selenium.chrome.ChromeDriver
Capabilities {acceptInsecureCerts: false, browserName: chrome, browserVersion: 141.0.7390.123, chrome: {chromedriverVersion: 141.0.7390.122 (b477534e7e1..., userDataDir: C:\Users\vimal\AppData\Loca...}, fedcm:accounts: true, goog:chromeOptions: {debuggerAddress: localhost:63541}, networkConnectionEnabled: false, pageLoadStrategy: normal, platformName: windows, proxy: Proxy(), se:cdp: ws://localhost:63541/devtoo..., se:cdpVersion: 141.0.7390.123, setWindowRect: true, strictFileInteractability: false, timeouts: {implicit: 0, pageLoad: 300000, script: 30000}, unhandledPromptBehavior: dismiss and notify, webauthn:extension:credBlob: true, webauthn:extension:largeBlob: true, webauthn:extension:minPinLength: true, webauthn:extension:prf: true, webauthn:virtualAuthenticators: true}
Session ID: b57aa99404cb743aed19b4cb086b88a2
	at org.openqa.selenium.support.ui.WebDriverWait.timeoutException(WebDriverWait.java:84)
	at org.openqa.selenium.support.ui.FluentWait.until(FluentWait.java:228)
	at com.opencart.utilities.WaitUtils.waitForElementToBeClickable(WaitUtils.java:56)
	at com.opencart.pages.LoginPage.navigateToLogin(LoginPage.java:56)
	... 33 more
... Removed 31 stack frames</div></td></tr></table><p class="totop"><a href="#summary">back to summary</a></p>
<h3 id="m5">com.opencart.tests.LoginTests#testMultipleUnsuccessfulLogins</h3><table class="result"><tr><th>Exception</th></tr><tr><td><div class="stacktrace">java.lang.RuntimeException: Error during login
	at com.opencart.pages.LoginPage.login(LoginPage.java:109)
	at com.opencart.pages.LoginPage.attemptMultipleInvalidLogins(LoginPage.java:140)
	at com.opencart.tests.LoginTests.testMultipleUnsuccessfulLogins(LoginTests.java:425)
	at java.base/java.util.ArrayList.forEach(ArrayList.java:1511)
Caused by: org.openqa.selenium.TimeoutException: Expected condition failed: waiting for visibility of element located by By.id: input-email (tried for 20 second(s) with 500 milliseconds interval)
Build info: version: &apos;4.25.0&apos;, revision: &apos;8a8aea2337&apos;
System info: os.name: &apos;Windows 11&apos;, os.arch: &apos;amd64&apos;, os.version: &apos;10.0&apos;, java.version: &apos;17.0.16&apos;
Driver info: org.openqa.selenium.chrome.ChromeDriver
Capabilities {acceptInsecureCerts: false, browserName: chrome, browserVersion: 141.0.7390.123, chrome: {chromedriverVersion: 141.0.7390.122 (b477534e7e1..., userDataDir: C:\Users\vimal\AppData\Loca...}, fedcm:accounts: true, goog:chromeOptions: {debuggerAddress: localhost:63541}, networkConnectionEnabled: false, pageLoadStrategy: normal, platformName: windows, proxy: Proxy(), se:cdp: ws://localhost:63541/devtoo..., se:cdpVersion: 141.0.7390.123, setWindowRect: true, strictFileInteractability: false, timeouts: {implicit: 0, pageLoad: 300000, script: 30000}, unhandledPromptBehavior: dismiss and notify, webauthn:extension:credBlob: true, webauthn:extension:largeBlob: true, webauthn:extension:minPinLength: true, webauthn:extension:prf: true, webauthn:virtualAuthenticators: true}
Session ID: b57aa99404cb743aed19b4cb086b88a2
	at org.openqa.selenium.support.ui.WebDriverWait.timeoutException(WebDriverWait.java:84)
	at org.openqa.selenium.support.ui.FluentWait.until(FluentWait.java:228)
	at com.opencart.utilities.WaitUtils.waitForElementToBeVisible(WaitUtils.java:42)
	at com.opencart.base.CommonWrapper.clickAndInputValue(CommonWrapper.java:121)
	at com.opencart.pages.LoginPage.login(LoginPage.java:93)
	... 34 more
... Removed 31 stack frames</div></td></tr></table><p class="totop"><a href="#summary">back to summary</a></p>
<h3 id="m6">com.opencart.tests.LoginTests#testPlaceholderTexts</h3><table class="result"><tr><th>Exception</th></tr><tr><td><div class="stacktrace">java.lang.RuntimeException: Failed to navigate to Login page
	at com.opencart.pages.LoginPage.navigateToLogin(LoginPage.java:70)
	at com.opencart.tests.LoginTests.testPlaceholderTexts(LoginTests.java:339)
	at java.base/java.util.ArrayList.forEach(ArrayList.java:1511)
Caused by: org.openqa.selenium.TimeoutException: Expected condition failed: waiting for element to be clickable: By.xpath: //a[contains(text(), &apos;Login&apos;)] (tried for 20 second(s) with 500 milliseconds interval)
Build info: version: &apos;4.25.0&apos;, revision: &apos;8a8aea2337&apos;
System info: os.name: &apos;Windows 11&apos;, os.arch: &apos;amd64&apos;, os.version: &apos;10.0&apos;, java.version: &apos;17.0.16&apos;
Driver info: org.openqa.selenium.chrome.ChromeDriver
Capabilities {acceptInsecureCerts: false, browserName: chrome, browserVersion: 141.0.7390.123, chrome: {chromedriverVersion: 141.0.7390.122 (b477534e7e1..., userDataDir: C:\Users\vimal\AppData\Loca...}, fedcm:accounts: true, goog:chromeOptions: {debuggerAddress: localhost:63541}, networkConnectionEnabled: false, pageLoadStrategy: normal, platformName: windows, proxy: Proxy(), se:cdp: ws://localhost:63541/devtoo..., se:cdpVersion: 141.0.7390.123, setWindowRect: true, strictFileInteractability: false, timeouts: {implicit: 0, pageLoad: 300000, script: 30000}, unhandledPromptBehavior: dismiss and notify, webauthn:extension:credBlob: true, webauthn:extension:largeBlob: true, webauthn:extension:minPinLength: true, webauthn:extension:prf: true, webauthn:virtualAuthenticators: true}
Session ID: b57aa99404cb743aed19b4cb086b88a2
	at org.openqa.selenium.support.ui.WebDriverWait.timeoutException(WebDriverWait.java:84)
	at org.openqa.selenium.support.ui.FluentWait.until(FluentWait.java:228)
	at com.opencart.utilities.WaitUtils.waitForElementToBeClickable(WaitUtils.java:56)
	at com.opencart.pages.LoginPage.navigateToLogin(LoginPage.java:56)
	... 33 more
... Removed 31 stack frames</div></td></tr></table><p class="totop"><a href="#summary">back to summary</a></p>
<h3 id="m7">com.opencart.tests.LoginTests#cleanupAfterTests</h3><table class="result"><tr><th class="invisible"/></tr></table><p class="totop"><a href="#summary">back to summary</a></p>
<h3 id="m8">com.opencart.tests.LoginTests#testBrowserBackAfterLogin</h3><table class="result"><tr><th class="invisible"/></tr></table><p class="totop"><a href="#summary">back to summary</a></p>
<h3 id="m9">com.opencart.tests.LoginTests#testCrossBrowserCompatibility</h3><table class="result"><tr><th class="invisible"/></tr></table><p class="totop"><a href="#summary">back to summary</a></p>
<h3 id="m10">com.opencart.tests.LoginTests#testDataDrivenLogin</h3><table class="result"><tr class="param"><th>Parameter #1</th><th>Parameter #2</th><th>Parameter #3</th></tr><tr class="param stripe"><td>vimalkumarm523@gmail.com</td><td>Tester123!</td><td>SUCCESS</td></tr></table><p class="totop"><a href="#summary">back to summary</a></p>
<h3 id="m11">com.opencart.tests.LoginTests#testDataDrivenLogin</h3><table class="result"><tr class="param"><th>Parameter #1</th><th>Parameter #2</th><th>Parameter #3</th></tr><tr class="param stripe"><td>vimal1@test.com</td><td>Password@123</td><td>SUCCESS</td></tr></table><p class="totop"><a href="#summary">back to summary</a></p>
<h3 id="m12">com.opencart.tests.LoginTests#testDataDrivenLogin</h3><table class="result"><tr class="param"><th>Parameter #1</th><th>Parameter #2</th><th>Parameter #3</th></tr><tr class="param stripe"><td>test@test.com</td><td></td><td>FAILURE</td></tr></table><p class="totop"><a href="#summary">back to summary</a></p>
<h3 id="m13">com.opencart.tests.LoginTests#testDataDrivenLogin</h3><table class="result"><tr class="param"><th>Parameter #1</th><th>Parameter #2</th><th>Parameter #3</th></tr><tr class="param stripe"><td>venkatr1@test.com</td><td>Password@123</td><td>SUCCESS</td></tr></table><p class="totop"><a href="#summary">back to summary</a></p>
<h3 id="m14">com.opencart.tests.LoginTests#testDataDrivenLogin</h3><table class="result"><tr class="param"><th>Parameter #1</th><th>Parameter #2</th><th>Parameter #3</th></tr><tr class="param stripe"><td>invalid@test.com</td><td>WrongPassword123!</td><td>FAILURE</td></tr></table><p class="totop"><a href="#summary">back to summary</a></p>
<h3 id="m15">com.opencart.tests.LoginTests#testDataDrivenLogin</h3><table class="result"><tr class="param"><th>Parameter #1</th><th>Parameter #2</th><th>Parameter #3</th></tr><tr class="param stripe"><td>invalidemail</td><td>Password@123</td><td>FAILURE</td></tr></table><p class="totop"><a href="#summary">back to summary</a></p>
<h3 id="m16">com.opencart.tests.LoginTests#testDataDrivenLogin</h3><table class="result"><tr class="param"><th>Parameter #1</th><th>Parameter #2</th><th>Parameter #3</th></tr><tr class="param stripe"><td>vk636485@gmail.com</td><td>Vimalutr16@</td><td>SUCCESS</td></tr></table><p class="totop"><a href="#summary">back to summary</a></p>
<h3 id="m17">com.opencart.tests.LoginTests#testDataDrivenLogin</h3><table class="result"><tr class="param"><th>Parameter #1</th><th>Parameter #2</th><th>Parameter #3</th></tr><tr class="param stripe"><td></td><td>Password@123</td><td>FAILURE</td></tr></table><p class="totop"><a href="#summary">back to summary</a></p>
<h3 id="m18">com.opencart.tests.LoginTests#testDataDrivenLogin</h3><table class="result"><tr class="param"><th>Parameter #1</th><th>Parameter #2</th><th>Parameter #3</th></tr><tr class="param stripe"><td></td><td></td><td>FAILURE</td></tr></table><p class="totop"><a href="#summary">back to summary</a></p>
<h3 id="m19">com.opencart.tests.LoginTests#testEmptyCredentials</h3><table class="result"><tr><th class="invisible"/></tr></table><p class="totop"><a href="#summary">back to summary</a></p>
<h3 id="m20">com.opencart.tests.LoginTests#testForgottenPasswordLink</h3><table class="result"><tr><th class="invisible"/></tr></table><p class="totop"><a href="#summary">back to summary</a></p>
<h3 id="m21">com.opencart.tests.LoginTests#testInvalidEmailAndPassword</h3><table class="result"><tr><th class="invisible"/></tr></table><p class="totop"><a href="#summary">back to summary</a></p>
<h3 id="m22">com.opencart.tests.LoginTests#testInvalidEmailValidPassword</h3><table class="result"><tr><th class="invisible"/></tr></table><p class="totop"><a href="#summary">back to summary</a></p>
<h3 id="m23">com.opencart.tests.LoginTests#testKeyboardNavigationLogin</h3><table class="result"><tr><th class="invisible"/></tr></table><p class="totop"><a href="#summary">back to summary</a></p>
<h3 id="m24">com.opencart.tests.LoginTests#testLoginAfterPasswordChange</h3><table class="result"><tr><th class="invisible"/></tr></table><p class="totop"><a href="#summary">back to summary</a></p>
<h3 id="m25">com.opencart.tests.LoginTests#testMultipleNavigationWays</h3><table class="result"><tr><th class="invisible"/></tr></table><p class="totop"><a href="#summary">back to summary</a></p>
<h3 id="m26">com.opencart.tests.LoginTests#testNavigationFromLoginPage</h3><table class="result"><tr><th class="invisible"/></tr></table><p class="totop"><a href="#summary">back to summary</a></p>
<h3 id="m27">com.opencart.tests.LoginTests#testPageMetadata</h3><table class="result"><tr><th class="invisible"/></tr></table><p class="totop"><a href="#summary">back to summary</a></p>
<h3 id="m28">com.opencart.tests.LoginTests#testPasswordCopyRestriction</h3><table class="result"><tr><th class="invisible"/></tr></table><p class="totop"><a href="#summary">back to summary</a></p>
<h3 id="m29">com.opencart.tests.LoginTests#testPasswordMasking</h3><table class="result"><tr><th class="invisible"/></tr></table><p class="totop"><a href="#summary">back to summary</a></p>
<h3 id="m30">com.opencart.tests.LoginTests#testPasswordNotInSource</h3><table class="result"><tr><th class="invisible"/></tr></table><p class="totop"><a href="#summary">back to summary</a></p>
<h3 id="m31">com.opencart.tests.LoginTests#testSessionPersistence</h3><table class="result"><tr><th class="invisible"/></tr></table><p class="totop"><a href="#summary">back to summary</a></p>
<h3 id="m32">com.opencart.tests.LoginTests#testUILayout</h3><table class="result"><tr><th class="invisible"/></tr></table><p class="totop"><a href="#summary">back to summary</a></p>
<h3 id="m33">com.opencart.tests.LoginTests#testValidEmailInvalidPassword</h3><table class="result"><tr><th class="invisible"/></tr></table><p class="totop"><a href="#summary">back to summary</a></p>
<h3 id="m34">com.opencart.tests.LoginTests#testValidLogin</h3><table class="result"><tr><th class="invisible"/></tr></table><p class="totop"><a href="#summary">back to summary</a></p>
<h3 id="m35">com.opencart.tests.LoginTests#testValidLoginWithLastRowData</h3><table class="result"><tr class="param"><th>Parameter #1</th><th>Parameter #2</th></tr><tr class="param stripe"><td>vk636485@gmail.com</td><td>Vimalutr16@</td></tr></table><p class="totop"><a href="#summary">back to summary</a></p>
</body>
</html>
