<!DOCTYPE html>

<html>
  <head>
  <meta charset='utf-8'>
  <title>TestNG reports</title>

    <link type="text/css" href="testng-reports1.css" rel="stylesheet" id="ultra" />
    <link type="text/css" href="testng-reports.css" rel="stylesheet" id="retro" disabled="false"/>
    <script type="text/javascript" src="jquery-3.6.0.min.js"></script>
    <script type="text/javascript" src="testng-reports.js"></script>
    <script type="text/javascript" src="https://www.google.com/jsapi"></script>
    <script type='text/javascript'>
      google.load('visualization', '1', {packages:['table']});
      google.setOnLoadCallback(drawTable);
      var suiteTableInitFunctions = new Array();
      var suiteTableData = new Array();
    </script>
    <!--
      <script type="text/javascript" src="jquery-ui/js/jquery-ui-1.8.16.custom.min.js"></script>
     -->
  </head>

  <body>    <div class="top-banner-root">
      <span class="top-banner-title-font">Test results</span>
      <button id="button" class="button">Switch Retro Theme</button> <!-- button -->
      <br/>
      <span class="top-banner-font-1">1 suite, 6 failed tests</span>
    </div> <!-- top-banner-root -->
    <div class="navigator-root">
      <div class="navigator-suite-header">
        <span>All suites</span>
        <a href="#" title="Collapse/expand all the suites" class="collapse-all-link">
          <img src="collapseall.gif" class="collapse-all-icon">
          </img> <!-- collapse-all-icon -->
        </a> <!-- collapse-all-link -->
      </div> <!-- navigator-suite-header -->
      <div class="suite">
        <div class="rounded-window">
          <div class="suite-header light-rounded-window-top">
            <a href="#" panel-name="suite-OpenCart_Test_Suite" class="navigator-link">
              <span class="suite-name border-failed">OpenCart Test Suite</span>
            </a> <!-- navigator-link -->
          </div> <!-- suite-header light-rounded-window-top -->
          <div class="navigator-suite-content">
            <div class="suite-section-title">
              <span>Info</span>
            </div> <!-- suite-section-title -->
            <div class="suite-section-content">
              <ul>
                <li>
                  <a href="#" panel-name="test-xml-OpenCart_Test_Suite" class="navigator-link ">
                    <span>D:\VKCodeAssure\GitHub\OpenCart-HybridFramework-Selenium-TestNG-Java-Maven\testng.xml</span>
                  </a> <!-- navigator-link  -->
                </li>
                <li>
                  <a href="#" panel-name="testlist-OpenCart_Test_Suite" class="navigator-link ">
                    <span class="test-stats">1 test</span>
                  </a> <!-- navigator-link  -->
                </li>
                <li>
                  <a href="#" panel-name="group-OpenCart_Test_Suite" class="navigator-link ">
                    <span>0 groups</span>
                  </a> <!-- navigator-link  -->
                </li>
                <li>
                  <a href="#" panel-name="times-OpenCart_Test_Suite" class="navigator-link ">
                    <span>Times</span>
                  </a> <!-- navigator-link  -->
                </li>
                <li>
                  <a href="#" panel-name="reporter-OpenCart_Test_Suite" class="navigator-link ">
                    <span>Reporter output</span>
                  </a> <!-- navigator-link  -->
                </li>
                <li>
                  <a href="#" panel-name="ignored-methods-OpenCart_Test_Suite" class="navigator-link ">
                    <span>Ignored methods</span>
                  </a> <!-- navigator-link  -->
                </li>
                <li>
                  <a href="#" panel-name="chronological-OpenCart_Test_Suite" class="navigator-link ">
                    <span>Chronological view</span>
                  </a> <!-- navigator-link  -->
                </li>
              </ul>
            </div> <!-- suite-section-content -->
            <div class="result-section">
              <div class="suite-section-title">
                <span>Results</span>
              </div> <!-- suite-section-title -->
              <div class="suite-section-content">
                <ul>
                  <li>
                    <span class="method-stats">35 methods, 6 failed,   29 passed</span>
                  </li>
                  <li>
                    <span class="method-list-title failed">Failed methods</span>
                    <span class="show-or-hide-methods failed">
                      <a href="#" panel-name="suite-OpenCart_Test_Suite" class="hide-methods failed suite-OpenCart_Test_Suite"> (hide)</a> <!-- hide-methods failed suite-OpenCart_Test_Suite -->
                      <a href="#" panel-name="suite-OpenCart_Test_Suite" class="show-methods failed suite-OpenCart_Test_Suite"> (show)</a> <!-- show-methods failed suite-OpenCart_Test_Suite -->
                    </span>
                    <div class="method-list-content failed suite-OpenCart_Test_Suite">
                      <span>
                        <img src="failed.png" width="3%"/>
                        <a href="#" panel-name="suite-OpenCart_Test_Suite" title="com.opencart.tests.LoginTests" class="method navigator-link" hash-for-method="testBrowserBackAfterLogout">testBrowserBackAfterLogout</a> <!-- method navigator-link -->
                      </span>
                      <br/>
                      <span>
                        <img src="failed.png" width="3%"/>
                        <a href="#" panel-name="suite-OpenCart_Test_Suite" title="com.opencart.tests.LoginTests" class="method navigator-link" hash-for-method="testDataDrivenLogin(vk636485@gmail.com, Vimalutr16@, SUCCESS)">testDataDrivenLogin(vk636485@gmail.com, Vimalutr16@, SUCCESS)</a> <!-- method navigator-link -->
                      </span>
                      <br/>
                      <span>
                        <img src="failed.png" width="3%"/>
                        <a href="#" panel-name="suite-OpenCart_Test_Suite" title="com.opencart.tests.LoginTests" class="method navigator-link" hash-for-method="testDataDrivenLogin(vimal1@test.com, Password@123, SUCCESS)">testDataDrivenLogin(vimal1@test.com, Password@123, SUCCESS)</a> <!-- method navigator-link -->
                      </span>
                      <br/>
                      <span>
                        <img src="failed.png" width="3%"/>
                        <a href="#" panel-name="suite-OpenCart_Test_Suite" title="com.opencart.tests.LoginTests" class="method navigator-link" hash-for-method="testDataDrivenLogin(shivab1@test.com, Password@123, SUCCESS)">testDataDrivenLogin(shivab1@test.com, Password@123, SUCCESS)</a> <!-- method navigator-link -->
                      </span>
                      <br/>
                      <span>
                        <img src="failed.png" width="3%"/>
                        <a href="#" panel-name="suite-OpenCart_Test_Suite" title="com.opencart.tests.LoginTests" class="method navigator-link" hash-for-method="testMultipleUnsuccessfulLogins">testMultipleUnsuccessfulLogins</a> <!-- method navigator-link -->
                      </span>
                      <br/>
                      <span>
                        <img src="failed.png" width="3%"/>
                        <a href="#" panel-name="suite-OpenCart_Test_Suite" title="com.opencart.tests.LoginTests" class="method navigator-link" hash-for-method="testPlaceholderTexts">testPlaceholderTexts</a> <!-- method navigator-link -->
                      </span>
                      <br/>
                    </div> <!-- method-list-content failed suite-OpenCart_Test_Suite -->
                  </li>
                  <li>
                    <span class="method-list-title passed">Passed methods</span>
                    <span class="show-or-hide-methods passed">
                      <a href="#" panel-name="suite-OpenCart_Test_Suite" class="hide-methods passed suite-OpenCart_Test_Suite"> (hide)</a> <!-- hide-methods passed suite-OpenCart_Test_Suite -->
                      <a href="#" panel-name="suite-OpenCart_Test_Suite" class="show-methods passed suite-OpenCart_Test_Suite"> (show)</a> <!-- show-methods passed suite-OpenCart_Test_Suite -->
                    </span>
                    <div class="method-list-content passed suite-OpenCart_Test_Suite">
                      <span>
                        <img src="passed.png" width="3%"/>
                        <a href="#" panel-name="suite-OpenCart_Test_Suite" title="com.opencart.tests.LoginTests" class="method navigator-link" hash-for-method="cleanupAfterTests">cleanupAfterTests</a> <!-- method navigator-link -->
                      </span>
                      <br/>
                      <span>
                        <img src="passed.png" width="3%"/>
                        <a href="#" panel-name="suite-OpenCart_Test_Suite" title="com.opencart.tests.LoginTests" class="method navigator-link" hash-for-method="testBrowserBackAfterLogin">testBrowserBackAfterLogin</a> <!-- method navigator-link -->
                      </span>
                      <br/>
                      <span>
                        <img src="passed.png" width="3%"/>
                        <a href="#" panel-name="suite-OpenCart_Test_Suite" title="com.opencart.tests.LoginTests" class="method navigator-link" hash-for-method="testCrossBrowserCompatibility">testCrossBrowserCompatibility</a> <!-- method navigator-link -->
                      </span>
                      <br/>
                      <span>
                        <img src="passed.png" width="3%"/>
                        <a href="#" panel-name="suite-OpenCart_Test_Suite" title="com.opencart.tests.LoginTests" class="method navigator-link" hash-for-method="testDataDrivenLogin(vimalkumarm523@gmail.com, Tester123!, SUCCESS)">testDataDrivenLogin(vimalkumarm523@gmail.com, Tester123!, SUCCESS)</a> <!-- method navigator-link -->
                      </span>
                      <br/>
                      <span>
                        <img src="passed.png" width="3%"/>
                        <a href="#" panel-name="suite-OpenCart_Test_Suite" title="com.opencart.tests.LoginTests" class="method navigator-link" hash-for-method="testDataDrivenLogin(vimal1@test.com, Password@123, SUCCESS)">testDataDrivenLogin(vimal1@test.com, Password@123, SUCCESS)</a> <!-- method navigator-link -->
                      </span>
                      <br/>
                      <span>
                        <img src="passed.png" width="3%"/>
                        <a href="#" panel-name="suite-OpenCart_Test_Suite" title="com.opencart.tests.LoginTests" class="method navigator-link" hash-for-method="testDataDrivenLogin(test@test.com, , FAILURE)">testDataDrivenLogin(test@test.com, , FAILURE)</a> <!-- method navigator-link -->
                      </span>
                      <br/>
                      <span>
                        <img src="passed.png" width="3%"/>
                        <a href="#" panel-name="suite-OpenCart_Test_Suite" title="com.opencart.tests.LoginTests" class="method navigator-link" hash-for-method="testDataDrivenLogin(venkatr1@test.com, Password@123, SUCCESS)">testDataDrivenLogin(venkatr1@test.com, Password@123, SUCCESS)</a> <!-- method navigator-link -->
                      </span>
                      <br/>
                      <span>
                        <img src="passed.png" width="3%"/>
                        <a href="#" panel-name="suite-OpenCart_Test_Suite" title="com.opencart.tests.LoginTests" class="method navigator-link" hash-for-method="testDataDrivenLogin(invalid@test.com, WrongPassword123!, FAILURE)">testDataDrivenLogin(invalid@test.com, WrongPassword123!, FAILURE)</a> <!-- method navigator-link -->
                      </span>
                      <br/>
                      <span>
                        <img src="passed.png" width="3%"/>
                        <a href="#" panel-name="suite-OpenCart_Test_Suite" title="com.opencart.tests.LoginTests" class="method navigator-link" hash-for-method="testDataDrivenLogin(invalidemail, Password@123, FAILURE)">testDataDrivenLogin(invalidemail, Password@123, FAILURE)</a> <!-- method navigator-link -->
                      </span>
                      <br/>
                      <span>
                        <img src="passed.png" width="3%"/>
                        <a href="#" panel-name="suite-OpenCart_Test_Suite" title="com.opencart.tests.LoginTests" class="method navigator-link" hash-for-method="testDataDrivenLogin(vk636485@gmail.com, Vimalutr16@, SUCCESS)">testDataDrivenLogin(vk636485@gmail.com, Vimalutr16@, SUCCESS)</a> <!-- method navigator-link -->
                      </span>
                      <br/>
                      <span>
                        <img src="passed.png" width="3%"/>
                        <a href="#" panel-name="suite-OpenCart_Test_Suite" title="com.opencart.tests.LoginTests" class="method navigator-link" hash-for-method="testDataDrivenLogin(, Password@123, FAILURE)">testDataDrivenLogin(, Password@123, FAILURE)</a> <!-- method navigator-link -->
                      </span>
                      <br/>
                      <span>
                        <img src="passed.png" width="3%"/>
                        <a href="#" panel-name="suite-OpenCart_Test_Suite" title="com.opencart.tests.LoginTests" class="method navigator-link" hash-for-method="testDataDrivenLogin(, , FAILURE)">testDataDrivenLogin(, , FAILURE)</a> <!-- method navigator-link -->
                      </span>
                      <br/>
                      <span>
                        <img src="passed.png" width="3%"/>
                        <a href="#" panel-name="suite-OpenCart_Test_Suite" title="com.opencart.tests.LoginTests" class="method navigator-link" hash-for-method="testEmptyCredentials">testEmptyCredentials</a> <!-- method navigator-link -->
                      </span>
                      <br/>
                      <span>
                        <img src="passed.png" width="3%"/>
                        <a href="#" panel-name="suite-OpenCart_Test_Suite" title="com.opencart.tests.LoginTests" class="method navigator-link" hash-for-method="testForgottenPasswordLink">testForgottenPasswordLink</a> <!-- method navigator-link -->
                      </span>
                      <br/>
                      <span>
                        <img src="passed.png" width="3%"/>
                        <a href="#" panel-name="suite-OpenCart_Test_Suite" title="com.opencart.tests.LoginTests" class="method navigator-link" hash-for-method="testInvalidEmailAndPassword">testInvalidEmailAndPassword</a> <!-- method navigator-link -->
                      </span>
                      <br/>
                      <span>
                        <img src="passed.png" width="3%"/>
                        <a href="#" panel-name="suite-OpenCart_Test_Suite" title="com.opencart.tests.LoginTests" class="method navigator-link" hash-for-method="testInvalidEmailValidPassword">testInvalidEmailValidPassword</a> <!-- method navigator-link -->
                      </span>
                      <br/>
                      <span>
                        <img src="passed.png" width="3%"/>
                        <a href="#" panel-name="suite-OpenCart_Test_Suite" title="com.opencart.tests.LoginTests" class="method navigator-link" hash-for-method="testKeyboardNavigationLogin">testKeyboardNavigationLogin</a> <!-- method navigator-link -->
                      </span>
                      <br/>
                      <span>
                        <img src="passed.png" width="3%"/>
                        <a href="#" panel-name="suite-OpenCart_Test_Suite" title="com.opencart.tests.LoginTests" class="method navigator-link" hash-for-method="testLoginAfterPasswordChange">testLoginAfterPasswordChange</a> <!-- method navigator-link -->
                      </span>
                      <br/>
                      <span>
                        <img src="passed.png" width="3%"/>
                        <a href="#" panel-name="suite-OpenCart_Test_Suite" title="com.opencart.tests.LoginTests" class="method navigator-link" hash-for-method="testMultipleNavigationWays">testMultipleNavigationWays</a> <!-- method navigator-link -->
                      </span>
                      <br/>
                      <span>
                        <img src="passed.png" width="3%"/>
                        <a href="#" panel-name="suite-OpenCart_Test_Suite" title="com.opencart.tests.LoginTests" class="method navigator-link" hash-for-method="testNavigationFromLoginPage">testNavigationFromLoginPage</a> <!-- method navigator-link -->
                      </span>
                      <br/>
                      <span>
                        <img src="passed.png" width="3%"/>
                        <a href="#" panel-name="suite-OpenCart_Test_Suite" title="com.opencart.tests.LoginTests" class="method navigator-link" hash-for-method="testPageMetadata">testPageMetadata</a> <!-- method navigator-link -->
                      </span>
                      <br/>
                      <span>
                        <img src="passed.png" width="3%"/>
                        <a href="#" panel-name="suite-OpenCart_Test_Suite" title="com.opencart.tests.LoginTests" class="method navigator-link" hash-for-method="testPasswordCopyRestriction">testPasswordCopyRestriction</a> <!-- method navigator-link -->
                      </span>
                      <br/>
                      <span>
                        <img src="passed.png" width="3%"/>
                        <a href="#" panel-name="suite-OpenCart_Test_Suite" title="com.opencart.tests.LoginTests" class="method navigator-link" hash-for-method="testPasswordMasking">testPasswordMasking</a> <!-- method navigator-link -->
                      </span>
                      <br/>
                      <span>
                        <img src="passed.png" width="3%"/>
                        <a href="#" panel-name="suite-OpenCart_Test_Suite" title="com.opencart.tests.LoginTests" class="method navigator-link" hash-for-method="testPasswordNotInSource">testPasswordNotInSource</a> <!-- method navigator-link -->
                      </span>
                      <br/>
                      <span>
                        <img src="passed.png" width="3%"/>
                        <a href="#" panel-name="suite-OpenCart_Test_Suite" title="com.opencart.tests.LoginTests" class="method navigator-link" hash-for-method="testSessionPersistence">testSessionPersistence</a> <!-- method navigator-link -->
                      </span>
                      <br/>
                      <span>
                        <img src="passed.png" width="3%"/>
                        <a href="#" panel-name="suite-OpenCart_Test_Suite" title="com.opencart.tests.LoginTests" class="method navigator-link" hash-for-method="testUILayout">testUILayout</a> <!-- method navigator-link -->
                      </span>
                      <br/>
                      <span>
                        <img src="passed.png" width="3%"/>
                        <a href="#" panel-name="suite-OpenCart_Test_Suite" title="com.opencart.tests.LoginTests" class="method navigator-link" hash-for-method="testValidEmailInvalidPassword">testValidEmailInvalidPassword</a> <!-- method navigator-link -->
                      </span>
                      <br/>
                      <span>
                        <img src="passed.png" width="3%"/>
                        <a href="#" panel-name="suite-OpenCart_Test_Suite" title="com.opencart.tests.LoginTests" class="method navigator-link" hash-for-method="testValidLogin">testValidLogin</a> <!-- method navigator-link -->
                      </span>
                      <br/>
                      <span>
                        <img src="passed.png" width="3%"/>
                        <a href="#" panel-name="suite-OpenCart_Test_Suite" title="com.opencart.tests.LoginTests" class="method navigator-link" hash-for-method="testValidLoginWithLastRowData(vk636485@gmail.com, Vimalutr16@)">testValidLoginWithLastRowData(vk636485@gmail.com, Vimalutr16@)</a> <!-- method navigator-link -->
                      </span>
                      <br/>
                    </div> <!-- method-list-content passed suite-OpenCart_Test_Suite -->
                  </li>
                </ul>
              </div> <!-- suite-section-content -->
            </div> <!-- result-section -->
          </div> <!-- navigator-suite-content -->
        </div> <!-- rounded-window -->
      </div> <!-- suite -->
    </div> <!-- navigator-root -->
    <div class="wrapper">
      <div class="main-panel-root">
        <div panel-name="suite-OpenCart_Test_Suite" class="panel OpenCart_Test_Suite">
          <div class="suite-OpenCart_Test_Suite-class-failed">
            <div class="main-panel-header rounded-window-top">
              <img src="failed.png"/>
              <span class="class-name">com.opencart.tests.LoginTests</span>
            </div> <!-- main-panel-header rounded-window-top -->
            <div class="main-panel-content rounded-window-bottom">
              <div class="method">
                <div class="method-content">
                  <a name="testBrowserBackAfterLogout">
                  </a> <!-- testBrowserBackAfterLogout -->
                  <span class="method-name">testBrowserBackAfterLogout</span>
                  <div class="stack-trace">java.lang.RuntimeException: Failed to navigate to Login page
	at com.opencart.pages.LoginPage.navigateToLogin(LoginPage.java:70)
	at com.opencart.tests.LoginTests.testBrowserBackAfterLogout(LoginTests.java:395)
	at java.base/java.util.ArrayList.forEach(ArrayList.java:1511)
Caused by: org.openqa.selenium.TimeoutException: Expected condition failed: waiting for element to be clickable: By.xpath: //a[contains(text(), &apos;Login&apos;)] (tried for 20 second(s) with 500 milliseconds interval)
Build info: version: &apos;4.25.0&apos;, revision: &apos;8a8aea2337&apos;
System info: os.name: &apos;Windows 11&apos;, os.arch: &apos;amd64&apos;, os.version: &apos;10.0&apos;, java.version: &apos;17.0.16&apos;
Driver info: org.openqa.selenium.chrome.ChromeDriver
Capabilities {acceptInsecureCerts: false, browserName: chrome, browserVersion: 141.0.7390.123, chrome: {chromedriverVersion: 141.0.7390.122 (b477534e7e1..., userDataDir: C:\Users\vimal\AppData\Loca...}, fedcm:accounts: true, goog:chromeOptions: {debuggerAddress: localhost:63541}, networkConnectionEnabled: false, pageLoadStrategy: normal, platformName: windows, proxy: Proxy(), se:cdp: ws://localhost:63541/devtoo..., se:cdpVersion: 141.0.7390.123, setWindowRect: true, strictFileInteractability: false, timeouts: {implicit: 0, pageLoad: 300000, script: 30000}, unhandledPromptBehavior: dismiss and notify, webauthn:extension:credBlob: true, webauthn:extension:largeBlob: true, webauthn:extension:minPinLength: true, webauthn:extension:prf: true, webauthn:virtualAuthenticators: true}
Session ID: b57aa99404cb743aed19b4cb086b88a2
	at org.openqa.selenium.support.ui.WebDriverWait.timeoutException(WebDriverWait.java:84)
	at org.openqa.selenium.support.ui.FluentWait.until(FluentWait.java:228)
	at com.opencart.utilities.WaitUtils.waitForElementToBeClickable(WaitUtils.java:56)
	at com.opencart.pages.LoginPage.navigateToLogin(LoginPage.java:56)
	... 33 more
... Removed 31 stack frames
</div> <!-- stack-trace -->
                  <em>
(Validate browser back button behavior after logout)                  </em>
                </div> <!-- method-content -->
              </div> <!-- method -->
              <div class="method">
                <div class="method-content">
                  <a name="testDataDrivenLogin(vk636485@gmail.com, Vimalutr16@, SUCCESS)">
                  </a> <!-- testDataDrivenLogin(vk636485@gmail.com, Vimalutr16@, SUCCESS) -->
                  <span class="method-name">testDataDrivenLogin</span>
                  <span class="parameters">(vk636485@gmail.com,Vimalutr16@,SUCCESS)</span>
                  <div class="stack-trace">java.lang.RuntimeException: Failed to navigate to Login page
	at com.opencart.pages.LoginPage.navigateToLogin(LoginPage.java:70)
	at com.opencart.tests.LoginTests.testDataDrivenLogin(LoginTests.java:712)
	at java.base/java.util.ArrayList.forEach(ArrayList.java:1511)
Caused by: org.openqa.selenium.TimeoutException: Expected condition failed: waiting for element to be clickable: By.xpath: //a[contains(text(), &apos;Login&apos;)] (tried for 20 second(s) with 500 milliseconds interval)
Build info: version: &apos;4.25.0&apos;, revision: &apos;8a8aea2337&apos;
System info: os.name: &apos;Windows 11&apos;, os.arch: &apos;amd64&apos;, os.version: &apos;10.0&apos;, java.version: &apos;17.0.16&apos;
Driver info: org.openqa.selenium.chrome.ChromeDriver
Capabilities {acceptInsecureCerts: false, browserName: chrome, browserVersion: 141.0.7390.123, chrome: {chromedriverVersion: 141.0.7390.122 (b477534e7e1..., userDataDir: C:\Users\vimal\AppData\Loca...}, fedcm:accounts: true, goog:chromeOptions: {debuggerAddress: localhost:63541}, networkConnectionEnabled: false, pageLoadStrategy: normal, platformName: windows, proxy: Proxy(), se:cdp: ws://localhost:63541/devtoo..., se:cdpVersion: 141.0.7390.123, setWindowRect: true, strictFileInteractability: false, timeouts: {implicit: 0, pageLoad: 300000, script: 30000}, unhandledPromptBehavior: dismiss and notify, webauthn:extension:credBlob: true, webauthn:extension:largeBlob: true, webauthn:extension:minPinLength: true, webauthn:extension:prf: true, webauthn:virtualAuthenticators: true}
Session ID: b57aa99404cb743aed19b4cb086b88a2
	at org.openqa.selenium.support.ui.WebDriverWait.timeoutException(WebDriverWait.java:84)
	at org.openqa.selenium.support.ui.FluentWait.until(FluentWait.java:228)
	at com.opencart.utilities.WaitUtils.waitForElementToBeClickable(WaitUtils.java:56)
	at com.opencart.pages.LoginPage.navigateToLogin(LoginPage.java:56)
	... 33 more
... Removed 31 stack frames
</div> <!-- stack-trace -->
                  <em>
(Data-driven login tests with various credential combinations)                  </em>
                </div> <!-- method-content -->
              </div> <!-- method -->
              <div class="method">
                <div class="method-content">
                  <a name="testDataDrivenLogin(vimal1@test.com, Password@123, SUCCESS)">
                  </a> <!-- testDataDrivenLogin(vimal1@test.com, Password@123, SUCCESS) -->
                  <span class="method-name">testDataDrivenLogin</span>
                  <span class="parameters">(vimal1@test.com,Password@123,SUCCESS)</span>
                  <div class="stack-trace">java.lang.RuntimeException: Failed to navigate to Login page
	at com.opencart.pages.LoginPage.navigateToLogin(LoginPage.java:70)
	at com.opencart.tests.LoginTests.testDataDrivenLogin(LoginTests.java:712)
	at java.base/java.util.ArrayList.forEach(ArrayList.java:1511)
Caused by: org.openqa.selenium.TimeoutException: Expected condition failed: waiting for element to be clickable: By.xpath: //a[contains(text(), &apos;Login&apos;)] (tried for 20 second(s) with 500 milliseconds interval)
Build info: version: &apos;4.25.0&apos;, revision: &apos;8a8aea2337&apos;
System info: os.name: &apos;Windows 11&apos;, os.arch: &apos;amd64&apos;, os.version: &apos;10.0&apos;, java.version: &apos;17.0.16&apos;
Driver info: org.openqa.selenium.chrome.ChromeDriver
Capabilities {acceptInsecureCerts: false, browserName: chrome, browserVersion: 141.0.7390.123, chrome: {chromedriverVersion: 141.0.7390.122 (b477534e7e1..., userDataDir: C:\Users\vimal\AppData\Loca...}, fedcm:accounts: true, goog:chromeOptions: {debuggerAddress: localhost:63541}, networkConnectionEnabled: false, pageLoadStrategy: normal, platformName: windows, proxy: Proxy(), se:cdp: ws://localhost:63541/devtoo..., se:cdpVersion: 141.0.7390.123, setWindowRect: true, strictFileInteractability: false, timeouts: {implicit: 0, pageLoad: 300000, script: 30000}, unhandledPromptBehavior: dismiss and notify, webauthn:extension:credBlob: true, webauthn:extension:largeBlob: true, webauthn:extension:minPinLength: true, webauthn:extension:prf: true, webauthn:virtualAuthenticators: true}
Session ID: b57aa99404cb743aed19b4cb086b88a2
	at org.openqa.selenium.support.ui.WebDriverWait.timeoutException(WebDriverWait.java:84)
	at org.openqa.selenium.support.ui.FluentWait.until(FluentWait.java:228)
	at com.opencart.utilities.WaitUtils.waitForElementToBeClickable(WaitUtils.java:56)
	at com.opencart.pages.LoginPage.navigateToLogin(LoginPage.java:56)
	... 33 more
... Removed 31 stack frames
</div> <!-- stack-trace -->
                  <em>
(Data-driven login tests with various credential combinations)                  </em>
                </div> <!-- method-content -->
              </div> <!-- method -->
              <div class="method">
                <div class="method-content">
                  <a name="testDataDrivenLogin(shivab1@test.com, Password@123, SUCCESS)">
                  </a> <!-- testDataDrivenLogin(shivab1@test.com, Password@123, SUCCESS) -->
                  <span class="method-name">testDataDrivenLogin</span>
                  <span class="parameters">(shivab1@test.com,Password@123,SUCCESS)</span>
                  <div class="stack-trace">java.lang.RuntimeException: Failed to navigate to Login page
	at com.opencart.pages.LoginPage.navigateToLogin(LoginPage.java:70)
	at com.opencart.tests.LoginTests.testDataDrivenLogin(LoginTests.java:712)
	at java.base/java.util.ArrayList.forEach(ArrayList.java:1511)
Caused by: org.openqa.selenium.TimeoutException: Expected condition failed: waiting for element to be clickable: By.xpath: //a[contains(text(), &apos;Login&apos;)] (tried for 20 second(s) with 500 milliseconds interval)
Build info: version: &apos;4.25.0&apos;, revision: &apos;8a8aea2337&apos;
System info: os.name: &apos;Windows 11&apos;, os.arch: &apos;amd64&apos;, os.version: &apos;10.0&apos;, java.version: &apos;17.0.16&apos;
Driver info: org.openqa.selenium.chrome.ChromeDriver
Capabilities {acceptInsecureCerts: false, browserName: chrome, browserVersion: 141.0.7390.123, chrome: {chromedriverVersion: 141.0.7390.122 (b477534e7e1..., userDataDir: C:\Users\vimal\AppData\Loca...}, fedcm:accounts: true, goog:chromeOptions: {debuggerAddress: localhost:63541}, networkConnectionEnabled: false, pageLoadStrategy: normal, platformName: windows, proxy: Proxy(), se:cdp: ws://localhost:63541/devtoo..., se:cdpVersion: 141.0.7390.123, setWindowRect: true, strictFileInteractability: false, timeouts: {implicit: 0, pageLoad: 300000, script: 30000}, unhandledPromptBehavior: dismiss and notify, webauthn:extension:credBlob: true, webauthn:extension:largeBlob: true, webauthn:extension:minPinLength: true, webauthn:extension:prf: true, webauthn:virtualAuthenticators: true}
Session ID: b57aa99404cb743aed19b4cb086b88a2
	at org.openqa.selenium.support.ui.WebDriverWait.timeoutException(WebDriverWait.java:84)
	at org.openqa.selenium.support.ui.FluentWait.until(FluentWait.java:228)
	at com.opencart.utilities.WaitUtils.waitForElementToBeClickable(WaitUtils.java:56)
	at com.opencart.pages.LoginPage.navigateToLogin(LoginPage.java:56)
	... 33 more
... Removed 31 stack frames
</div> <!-- stack-trace -->
                  <em>
(Data-driven login tests with various credential combinations)                  </em>
                </div> <!-- method-content -->
              </div> <!-- method -->
              <div class="method">
                <div class="method-content">
                  <a name="testMultipleUnsuccessfulLogins">
                  </a> <!-- testMultipleUnsuccessfulLogins -->
                  <span class="method-name">testMultipleUnsuccessfulLogins</span>
                  <div class="stack-trace">java.lang.RuntimeException: Error during login
	at com.opencart.pages.LoginPage.login(LoginPage.java:109)
	at com.opencart.pages.LoginPage.attemptMultipleInvalidLogins(LoginPage.java:140)
	at com.opencart.tests.LoginTests.testMultipleUnsuccessfulLogins(LoginTests.java:425)
	at java.base/java.util.ArrayList.forEach(ArrayList.java:1511)
Caused by: org.openqa.selenium.TimeoutException: Expected condition failed: waiting for visibility of element located by By.id: input-email (tried for 20 second(s) with 500 milliseconds interval)
Build info: version: &apos;4.25.0&apos;, revision: &apos;8a8aea2337&apos;
System info: os.name: &apos;Windows 11&apos;, os.arch: &apos;amd64&apos;, os.version: &apos;10.0&apos;, java.version: &apos;17.0.16&apos;
Driver info: org.openqa.selenium.chrome.ChromeDriver
Capabilities {acceptInsecureCerts: false, browserName: chrome, browserVersion: 141.0.7390.123, chrome: {chromedriverVersion: 141.0.7390.122 (b477534e7e1..., userDataDir: C:\Users\vimal\AppData\Loca...}, fedcm:accounts: true, goog:chromeOptions: {debuggerAddress: localhost:63541}, networkConnectionEnabled: false, pageLoadStrategy: normal, platformName: windows, proxy: Proxy(), se:cdp: ws://localhost:63541/devtoo..., se:cdpVersion: 141.0.7390.123, setWindowRect: true, strictFileInteractability: false, timeouts: {implicit: 0, pageLoad: 300000, script: 30000}, unhandledPromptBehavior: dismiss and notify, webauthn:extension:credBlob: true, webauthn:extension:largeBlob: true, webauthn:extension:minPinLength: true, webauthn:extension:prf: true, webauthn:virtualAuthenticators: true}
Session ID: b57aa99404cb743aed19b4cb086b88a2
	at org.openqa.selenium.support.ui.WebDriverWait.timeoutException(WebDriverWait.java:84)
	at org.openqa.selenium.support.ui.FluentWait.until(FluentWait.java:228)
	at com.opencart.utilities.WaitUtils.waitForElementToBeVisible(WaitUtils.java:42)
	at com.opencart.base.CommonWrapper.clickAndInputValue(CommonWrapper.java:121)
	at com.opencart.pages.LoginPage.login(LoginPage.java:93)
	... 34 more
... Removed 31 stack frames
</div> <!-- stack-trace -->
                  <em>
(Validate system behavior after multiple unsuccessful login attempts)                  </em>
                </div> <!-- method-content -->
              </div> <!-- method -->
              <div class="method">
                <div class="method-content">
                  <a name="testPlaceholderTexts">
                  </a> <!-- testPlaceholderTexts -->
                  <span class="method-name">testPlaceholderTexts</span>
                  <div class="stack-trace">java.lang.RuntimeException: Failed to navigate to Login page
	at com.opencart.pages.LoginPage.navigateToLogin(LoginPage.java:70)
	at com.opencart.tests.LoginTests.testPlaceholderTexts(LoginTests.java:339)
	at java.base/java.util.ArrayList.forEach(ArrayList.java:1511)
Caused by: org.openqa.selenium.TimeoutException: Expected condition failed: waiting for element to be clickable: By.xpath: //a[contains(text(), &apos;Login&apos;)] (tried for 20 second(s) with 500 milliseconds interval)
Build info: version: &apos;4.25.0&apos;, revision: &apos;8a8aea2337&apos;
System info: os.name: &apos;Windows 11&apos;, os.arch: &apos;amd64&apos;, os.version: &apos;10.0&apos;, java.version: &apos;17.0.16&apos;
Driver info: org.openqa.selenium.chrome.ChromeDriver
Capabilities {acceptInsecureCerts: false, browserName: chrome, browserVersion: 141.0.7390.123, chrome: {chromedriverVersion: 141.0.7390.122 (b477534e7e1..., userDataDir: C:\Users\vimal\AppData\Loca...}, fedcm:accounts: true, goog:chromeOptions: {debuggerAddress: localhost:63541}, networkConnectionEnabled: false, pageLoadStrategy: normal, platformName: windows, proxy: Proxy(), se:cdp: ws://localhost:63541/devtoo..., se:cdpVersion: 141.0.7390.123, setWindowRect: true, strictFileInteractability: false, timeouts: {implicit: 0, pageLoad: 300000, script: 30000}, unhandledPromptBehavior: dismiss and notify, webauthn:extension:credBlob: true, webauthn:extension:largeBlob: true, webauthn:extension:minPinLength: true, webauthn:extension:prf: true, webauthn:virtualAuthenticators: true}
Session ID: b57aa99404cb743aed19b4cb086b88a2
	at org.openqa.selenium.support.ui.WebDriverWait.timeoutException(WebDriverWait.java:84)
	at org.openqa.selenium.support.ui.FluentWait.until(FluentWait.java:228)
	at com.opencart.utilities.WaitUtils.waitForElementToBeClickable(WaitUtils.java:56)
	at com.opencart.pages.LoginPage.navigateToLogin(LoginPage.java:56)
	... 33 more
... Removed 31 stack frames
</div> <!-- stack-trace -->
                  <em>
(Validate placeholder texts in login form fields)                  </em>
                </div> <!-- method-content -->
              </div> <!-- method -->
            </div> <!-- main-panel-content rounded-window-bottom -->
          </div> <!-- suite-OpenCart_Test_Suite-class-failed -->
          <div class="suite-OpenCart_Test_Suite-class-passed">
            <div class="main-panel-header rounded-window-top">
              <img src="passed.png"/>
              <span class="class-name">com.opencart.tests.LoginTests</span>
            </div> <!-- main-panel-header rounded-window-top -->
            <div class="main-panel-content rounded-window-bottom">
              <div class="method">
                <div class="method-content">
                  <a name="cleanupAfterTests">
                  </a> <!-- cleanupAfterTests -->
                  <span class="method-name">cleanupAfterTests</span>
                  <em>
(Cleanup and navigation to home)                  </em>
                </div> <!-- method-content -->
              </div> <!-- method -->
              <div class="method">
                <div class="method-content">
                  <a name="testBrowserBackAfterLogin">
                  </a> <!-- testBrowserBackAfterLogin -->
                  <span class="method-name">testBrowserBackAfterLogin</span>
                  <em>
(Validate browser back button behavior after successful login)                  </em>
                </div> <!-- method-content -->
              </div> <!-- method -->
              <div class="method">
                <div class="method-content">
                  <a name="testCrossBrowserCompatibility">
                  </a> <!-- testCrossBrowserCompatibility -->
                  <span class="method-name">testCrossBrowserCompatibility</span>
                  <em>
(Validate cross-browser compatibility)                  </em>
                </div> <!-- method-content -->
              </div> <!-- method -->
              <div class="method">
                <div class="method-content">
                  <a name="testDataDrivenLogin(vimalkumarm523@gmail.com, Tester123!, SUCCESS)">
                  </a> <!-- testDataDrivenLogin(vimalkumarm523@gmail.com, Tester123!, SUCCESS) -->
                  <span class="method-name">testDataDrivenLogin</span>
                  <span class="parameters">(vimalkumarm523@gmail.com,Tester123!,SUCCESS)</span>
                  <em>
(Data-driven login tests with various credential combinations)                  </em>
                </div> <!-- method-content -->
              </div> <!-- method -->
              <div class="method">
                <div class="method-content">
                  <a name="testDataDrivenLogin(vimal1@test.com, Password@123, SUCCESS)">
                  </a> <!-- testDataDrivenLogin(vimal1@test.com, Password@123, SUCCESS) -->
                  <span class="method-name">testDataDrivenLogin</span>
                  <span class="parameters">(vimal1@test.com,Password@123,SUCCESS)</span>
                  <em>
(Data-driven login tests with various credential combinations)                  </em>
                </div> <!-- method-content -->
              </div> <!-- method -->
              <div class="method">
                <div class="method-content">
                  <a name="testDataDrivenLogin(test@test.com, , FAILURE)">
                  </a> <!-- testDataDrivenLogin(test@test.com, , FAILURE) -->
                  <span class="method-name">testDataDrivenLogin</span>
                  <span class="parameters">(test@test.com,,FAILURE)</span>
                  <em>
(Data-driven login tests with various credential combinations)                  </em>
                </div> <!-- method-content -->
              </div> <!-- method -->
              <div class="method">
                <div class="method-content">
                  <a name="testDataDrivenLogin(venkatr1@test.com, Password@123, SUCCESS)">
                  </a> <!-- testDataDrivenLogin(venkatr1@test.com, Password@123, SUCCESS) -->
                  <span class="method-name">testDataDrivenLogin</span>
                  <span class="parameters">(venkatr1@test.com,Password@123,SUCCESS)</span>
                  <em>
(Data-driven login tests with various credential combinations)                  </em>
                </div> <!-- method-content -->
              </div> <!-- method -->
              <div class="method">
                <div class="method-content">
                  <a name="testDataDrivenLogin(invalid@test.com, WrongPassword123!, FAILURE)">
                  </a> <!-- testDataDrivenLogin(invalid@test.com, WrongPassword123!, FAILURE) -->
                  <span class="method-name">testDataDrivenLogin</span>
                  <span class="parameters">(invalid@test.com,WrongPassword123!,FAILURE)</span>
                  <em>
(Data-driven login tests with various credential combinations)                  </em>
                </div> <!-- method-content -->
              </div> <!-- method -->
              <div class="method">
                <div class="method-content">
                  <a name="testDataDrivenLogin(invalidemail, Password@123, FAILURE)">
                  </a> <!-- testDataDrivenLogin(invalidemail, Password@123, FAILURE) -->
                  <span class="method-name">testDataDrivenLogin</span>
                  <span class="parameters">(invalidemail,Password@123,FAILURE)</span>
                  <em>
(Data-driven login tests with various credential combinations)                  </em>
                </div> <!-- method-content -->
              </div> <!-- method -->
              <div class="method">
                <div class="method-content">
                  <a name="testDataDrivenLogin(vk636485@gmail.com, Vimalutr16@, SUCCESS)">
                  </a> <!-- testDataDrivenLogin(vk636485@gmail.com, Vimalutr16@, SUCCESS) -->
                  <span class="method-name">testDataDrivenLogin</span>
                  <span class="parameters">(vk636485@gmail.com,Vimalutr16@,SUCCESS)</span>
                  <em>
(Data-driven login tests with various credential combinations)                  </em>
                </div> <!-- method-content -->
              </div> <!-- method -->
              <div class="method">
                <div class="method-content">
                  <a name="testDataDrivenLogin(, Password@123, FAILURE)">
                  </a> <!-- testDataDrivenLogin(, Password@123, FAILURE) -->
                  <span class="method-name">testDataDrivenLogin</span>
                  <span class="parameters">(,Password@123,FAILURE)</span>
                  <em>
(Data-driven login tests with various credential combinations)                  </em>
                </div> <!-- method-content -->
              </div> <!-- method -->
              <div class="method">
                <div class="method-content">
                  <a name="testDataDrivenLogin(, , FAILURE)">
                  </a> <!-- testDataDrivenLogin(, , FAILURE) -->
                  <span class="method-name">testDataDrivenLogin</span>
                  <span class="parameters">(,,FAILURE)</span>
                  <em>
(Data-driven login tests with various credential combinations)                  </em>
                </div> <!-- method-content -->
              </div> <!-- method -->
              <div class="method">
                <div class="method-content">
                  <a name="testEmptyCredentials">
                  </a> <!-- testEmptyCredentials -->
                  <span class="method-name">testEmptyCredentials</span>
                  <em>
(Validate login without entering any credentials)                  </em>
                </div> <!-- method-content -->
              </div> <!-- method -->
              <div class="method">
                <div class="method-content">
                  <a name="testForgottenPasswordLink">
                  </a> <!-- testForgottenPasswordLink -->
                  <span class="method-name">testForgottenPasswordLink</span>
                  <em>
(Validate the Forgotten Password link functionality)                  </em>
                </div> <!-- method-content -->
              </div> <!-- method -->
              <div class="method">
                <div class="method-content">
                  <a name="testInvalidEmailAndPassword">
                  </a> <!-- testInvalidEmailAndPassword -->
                  <span class="method-name">testInvalidEmailAndPassword</span>
                  <em>
(Validate logging into the application using invalid credentials)                  </em>
                </div> <!-- method-content -->
              </div> <!-- method -->
              <div class="method">
                <div class="method-content">
                  <a name="testInvalidEmailValidPassword">
                  </a> <!-- testInvalidEmailValidPassword -->
                  <span class="method-name">testInvalidEmailValidPassword</span>
                  <em>
(Validate login with invalid email address and valid password)                  </em>
                </div> <!-- method-content -->
              </div> <!-- method -->
              <div class="method">
                <div class="method-content">
                  <a name="testKeyboardNavigationLogin">
                  </a> <!-- testKeyboardNavigationLogin -->
                  <span class="method-name">testKeyboardNavigationLogin</span>
                  <em>
(Validate login using keyboard navigation)                  </em>
                </div> <!-- method-content -->
              </div> <!-- method -->
              <div class="method">
                <div class="method-content">
                  <a name="testLoginAfterPasswordChange">
                  </a> <!-- testLoginAfterPasswordChange -->
                  <span class="method-name">testLoginAfterPasswordChange</span>
                  <em>
(Validate login functionality after password change)                  </em>
                </div> <!-- method-content -->
              </div> <!-- method -->
              <div class="method">
                <div class="method-content">
                  <a name="testMultipleNavigationWays">
                  </a> <!-- testMultipleNavigationWays -->
                  <span class="method-name">testMultipleNavigationWays</span>
                  <em>
(Validate various navigation methods to login page)                  </em>
                </div> <!-- method-content -->
              </div> <!-- method -->
              <div class="method">
                <div class="method-content">
                  <a name="testNavigationFromLoginPage">
                  </a> <!-- testNavigationFromLoginPage -->
                  <span class="method-name">testNavigationFromLoginPage</span>
                  <em>
(Validate navigation to other pages from login page)                  </em>
                </div> <!-- method-content -->
              </div> <!-- method -->
              <div class="method">
                <div class="method-content">
                  <a name="testPageMetadata">
                  </a> <!-- testPageMetadata -->
                  <span class="method-name">testPageMetadata</span>
                  <em>
(Validate page metadata)                  </em>
                </div> <!-- method-content -->
              </div> <!-- method -->
              <div class="method">
                <div class="method-content">
                  <a name="testPasswordCopyRestriction">
                  </a> <!-- testPasswordCopyRestriction -->
                  <span class="method-name">testPasswordCopyRestriction</span>
                  <em>
(Validate that copying password field content is restricted)                  </em>
                </div> <!-- method-content -->
              </div> <!-- method -->
              <div class="method">
                <div class="method-content">
                  <a name="testPasswordMasking">
                  </a> <!-- testPasswordMasking -->
                  <span class="method-name">testPasswordMasking</span>
                  <em>
(Validate that password field content is masked)                  </em>
                </div> <!-- method-content -->
              </div> <!-- method -->
              <div class="method">
                <div class="method-content">
                  <a name="testPasswordNotInSource">
                  </a> <!-- testPasswordNotInSource -->
                  <span class="method-name">testPasswordNotInSource</span>
                  <em>
(Validate that password is not visible in page source)                  </em>
                </div> <!-- method-content -->
              </div> <!-- method -->
              <div class="method">
                <div class="method-content">
                  <a name="testSessionPersistence">
                  </a> <!-- testSessionPersistence -->
                  <span class="method-name">testSessionPersistence</span>
                  <em>
(Validate session persistence after browser closure)                  </em>
                </div> <!-- method-content -->
              </div> <!-- method -->
              <div class="method">
                <div class="method-content">
                  <a name="testUILayout">
                  </a> <!-- testUILayout -->
                  <span class="method-name">testUILayout</span>
                  <em>
(Validate UI layout and design)                  </em>
                </div> <!-- method-content -->
              </div> <!-- method -->
              <div class="method">
                <div class="method-content">
                  <a name="testValidEmailInvalidPassword">
                  </a> <!-- testValidEmailInvalidPassword -->
                  <span class="method-name">testValidEmailInvalidPassword</span>
                  <em>
(Validate login with valid email address and invalid password)                  </em>
                </div> <!-- method-content -->
              </div> <!-- method -->
              <div class="method">
                <div class="method-content">
                  <a name="testValidLogin">
                  </a> <!-- testValidLogin -->
                  <span class="method-name">testValidLogin</span>
                  <em>
(Validate logging into the application using valid credentials)                  </em>
                </div> <!-- method-content -->
              </div> <!-- method -->
              <div class="method">
                <div class="method-content">
                  <a name="testValidLoginWithLastRowData(vk636485@gmail.com, Vimalutr16@)">
                  </a> <!-- testValidLoginWithLastRowData(vk636485@gmail.com, Vimalutr16@) -->
                  <span class="method-name">testValidLoginWithLastRowData</span>
                  <span class="parameters">(vk636485@gmail.com,Vimalutr16@)</span>
                  <em>
(Validate logging into the application using valid credentials from last Excel row)                  </em>
                </div> <!-- method-content -->
              </div> <!-- method -->
            </div> <!-- main-panel-content rounded-window-bottom -->
          </div> <!-- suite-OpenCart_Test_Suite-class-passed -->
        </div> <!-- panel OpenCart_Test_Suite -->
        <div panel-name="test-xml-OpenCart_Test_Suite" class="panel">
          <div class="main-panel-header rounded-window-top">
            <span class="header-content">D:\VKCodeAssure\GitHub\OpenCart-HybridFramework-Selenium-TestNG-Java-Maven\testng.xml</span>
          </div> <!-- main-panel-header rounded-window-top -->
          <div class="main-panel-content rounded-window-bottom">
            <pre>
&lt;?xml version=&quot;1.0&quot; encoding=&quot;UTF-8&quot;?&gt;
&lt;!DOCTYPE suite SYSTEM &quot;https://testng.org/testng-1.0.dtd&quot;&gt;
&lt;suite name=&quot;OpenCart Test Suite&quot; verbose=&quot;0&quot;&gt;
  &lt;listeners&gt;
    &lt;listener class-name=&quot;com.opencart.utilities.TestListener&quot;/&gt;
    &lt;listener class-name=&quot;com.opencart.utilities.AllureTestListener&quot;/&gt;
    &lt;listener class-name=&quot;io.qameta.allure.testng.AllureTestNg&quot;/&gt;
  &lt;/listeners&gt;
  &lt;test thread-count=&quot;5&quot; name=&quot;Login Tests&quot; verbose=&quot;0&quot;&gt;
    &lt;classes&gt;
      &lt;class name=&quot;com.opencart.tests.LoginTests&quot;/&gt;
    &lt;/classes&gt;
  &lt;/test&gt; &lt;!-- Login Tests --&gt;
&lt;/suite&gt; &lt;!-- OpenCart Test Suite --&gt;
            </pre>
          </div> <!-- main-panel-content rounded-window-bottom -->
        </div> <!-- panel -->
        <div panel-name="testlist-OpenCart_Test_Suite" class="panel">
          <div class="main-panel-header rounded-window-top">
            <span class="header-content">Tests for OpenCart Test Suite</span>
          </div> <!-- main-panel-header rounded-window-top -->
          <div class="main-panel-content rounded-window-bottom">
            <ul>
              <li>
                <span class="test-name">Login Tests (1 class)</span>
              </li>
            </ul>
          </div> <!-- main-panel-content rounded-window-bottom -->
        </div> <!-- panel -->
        <div panel-name="group-OpenCart_Test_Suite" class="panel">
          <div class="main-panel-header rounded-window-top">
            <span class="header-content">Groups for OpenCart Test Suite</span>
          </div> <!-- main-panel-header rounded-window-top -->
          <div class="main-panel-content rounded-window-bottom">
          </div> <!-- main-panel-content rounded-window-bottom -->
        </div> <!-- panel -->
        <div panel-name="times-OpenCart_Test_Suite" class="panel">
          <div class="main-panel-header rounded-window-top">
            <span class="header-content">Times for OpenCart Test Suite</span>
          </div> <!-- main-panel-header rounded-window-top -->
          <div class="main-panel-content rounded-window-bottom">
            <div class="times-div">
              <script type="text/javascript">
suiteTableInitFunctions.push('tableData_OpenCart_Test_Suite');
function tableData_OpenCart_Test_Suite() {
var data = new google.visualization.DataTable();
data.addColumn('number', 'Number');
data.addColumn('string', 'Method');
data.addColumn('string', 'Class');
data.addColumn('number', 'Time (ms)');
data.addRows(35);
data.setCell(0, 0, 0)
data.setCell(0, 1, 'testBrowserBackAfterLogin')
data.setCell(0, 2, 'com.opencart.tests.LoginTests')
data.setCell(0, 3, 58293);
data.setCell(1, 0, 1)
data.setCell(1, 1, 'testDataDrivenLogin')
data.setCell(1, 2, 'com.opencart.tests.LoginTests')
data.setCell(1, 3, 55482);
data.setCell(2, 0, 2)
data.setCell(2, 1, 'testDataDrivenLogin')
data.setCell(2, 2, 'com.opencart.tests.LoginTests')
data.setCell(2, 3, 55273);
data.setCell(3, 0, 3)
data.setCell(3, 1, 'testKeyboardNavigationLogin')
data.setCell(3, 2, 'com.opencart.tests.LoginTests')
data.setCell(3, 3, 55126);
data.setCell(4, 0, 4)
data.setCell(4, 1, 'testDataDrivenLogin')
data.setCell(4, 2, 'com.opencart.tests.LoginTests')
data.setCell(4, 3, 47684);
data.setCell(5, 0, 5)
data.setCell(5, 1, 'testMultipleUnsuccessfulLogins')
data.setCell(5, 2, 'com.opencart.tests.LoginTests')
data.setCell(5, 3, 32995);
data.setCell(6, 0, 6)
data.setCell(6, 1, 'testBrowserBackAfterLogout')
data.setCell(6, 2, 'com.opencart.tests.LoginTests')
data.setCell(6, 3, 31121);
data.setCell(7, 0, 7)
data.setCell(7, 1, 'testDataDrivenLogin')
data.setCell(7, 2, 'com.opencart.tests.LoginTests')
data.setCell(7, 3, 30854);
data.setCell(8, 0, 8)
data.setCell(8, 1, 'testDataDrivenLogin')
data.setCell(8, 2, 'com.opencart.tests.LoginTests')
data.setCell(8, 3, 30776);
data.setCell(9, 0, 9)
data.setCell(9, 1, 'testDataDrivenLogin')
data.setCell(9, 2, 'com.opencart.tests.LoginTests')
data.setCell(9, 3, 30718);
data.setCell(10, 0, 10)
data.setCell(10, 1, 'testPlaceholderTexts')
data.setCell(10, 2, 'com.opencart.tests.LoginTests')
data.setCell(10, 3, 30674);
data.setCell(11, 0, 11)
data.setCell(11, 1, 'testDataDrivenLogin')
data.setCell(11, 2, 'com.opencart.tests.LoginTests')
data.setCell(11, 3, 23683);
data.setCell(12, 0, 12)
data.setCell(12, 1, 'testDataDrivenLogin')
data.setCell(12, 2, 'com.opencart.tests.LoginTests')
data.setCell(12, 3, 23674);
data.setCell(13, 0, 13)
data.setCell(13, 1, 'testDataDrivenLogin')
data.setCell(13, 2, 'com.opencart.tests.LoginTests')
data.setCell(13, 3, 23632);
data.setCell(14, 0, 14)
data.setCell(14, 1, 'testDataDrivenLogin')
data.setCell(14, 2, 'com.opencart.tests.LoginTests')
data.setCell(14, 3, 23127);
data.setCell(15, 0, 15)
data.setCell(15, 1, 'testValidLogin')
data.setCell(15, 2, 'com.opencart.tests.LoginTests')
data.setCell(15, 3, 22566);
data.setCell(16, 0, 16)
data.setCell(16, 1, 'testForgottenPasswordLink')
data.setCell(16, 2, 'com.opencart.tests.LoginTests')
data.setCell(16, 3, 21657);
data.setCell(17, 0, 17)
data.setCell(17, 1, 'testDataDrivenLogin')
data.setCell(17, 2, 'com.opencart.tests.LoginTests')
data.setCell(17, 3, 17890);
data.setCell(18, 0, 18)
data.setCell(18, 1, 'testCrossBrowserCompatibility')
data.setCell(18, 2, 'com.opencart.tests.LoginTests')
data.setCell(18, 3, 17347);
data.setCell(19, 0, 19)
data.setCell(19, 1, 'testSessionPersistence')
data.setCell(19, 2, 'com.opencart.tests.LoginTests')
data.setCell(19, 3, 17301);
data.setCell(20, 0, 20)
data.setCell(20, 1, 'testDataDrivenLogin')
data.setCell(20, 2, 'com.opencart.tests.LoginTests')
data.setCell(20, 3, 15549);
data.setCell(21, 0, 21)
data.setCell(21, 1, 'testValidLoginWithLastRowData')
data.setCell(21, 2, 'com.opencart.tests.LoginTests')
data.setCell(21, 3, 15078);
data.setCell(22, 0, 22)
data.setCell(22, 1, 'testUILayout')
data.setCell(22, 2, 'com.opencart.tests.LoginTests')
data.setCell(22, 3, 14824);
data.setCell(23, 0, 23)
data.setCell(23, 1, 'testEmptyCredentials')
data.setCell(23, 2, 'com.opencart.tests.LoginTests')
data.setCell(23, 3, 12905);
data.setCell(24, 0, 24)
data.setCell(24, 1, 'testPasswordCopyRestriction')
data.setCell(24, 2, 'com.opencart.tests.LoginTests')
data.setCell(24, 3, 12643);
data.setCell(25, 0, 25)
data.setCell(25, 1, 'testInvalidEmailValidPassword')
data.setCell(25, 2, 'com.opencart.tests.LoginTests')
data.setCell(25, 3, 12573);
data.setCell(26, 0, 26)
data.setCell(26, 1, 'testValidEmailInvalidPassword')
data.setCell(26, 2, 'com.opencart.tests.LoginTests')
data.setCell(26, 3, 12462);
data.setCell(27, 0, 27)
data.setCell(27, 1, 'testPageMetadata')
data.setCell(27, 2, 'com.opencart.tests.LoginTests')
data.setCell(27, 3, 10970);
data.setCell(28, 0, 28)
data.setCell(28, 1, 'testMultipleNavigationWays')
data.setCell(28, 2, 'com.opencart.tests.LoginTests')
data.setCell(28, 3, 10895);
data.setCell(29, 0, 29)
data.setCell(29, 1, 'testPasswordNotInSource')
data.setCell(29, 2, 'com.opencart.tests.LoginTests')
data.setCell(29, 3, 10858);
data.setCell(30, 0, 30)
data.setCell(30, 1, 'testInvalidEmailAndPassword')
data.setCell(30, 2, 'com.opencart.tests.LoginTests')
data.setCell(30, 3, 5894);
data.setCell(31, 0, 31)
data.setCell(31, 1, 'testNavigationFromLoginPage')
data.setCell(31, 2, 'com.opencart.tests.LoginTests')
data.setCell(31, 3, 5615);
data.setCell(32, 0, 32)
data.setCell(32, 1, 'testPasswordMasking')
data.setCell(32, 2, 'com.opencart.tests.LoginTests')
data.setCell(32, 3, 4751);
data.setCell(33, 0, 33)
data.setCell(33, 1, 'cleanupAfterTests')
data.setCell(33, 2, 'com.opencart.tests.LoginTests')
data.setCell(33, 3, 604);
data.setCell(34, 0, 34)
data.setCell(34, 1, 'testLoginAfterPasswordChange')
data.setCell(34, 2, 'com.opencart.tests.LoginTests')
data.setCell(34, 3, 11);
window.suiteTableData['OpenCart_Test_Suite']= { tableData: data, tableDiv: 'times-div-OpenCart_Test_Suite'}
return data;
}
              </script>
              <span class="suite-total-time">Total running time: 13 minutes</span>
              <div id="times-div-OpenCart_Test_Suite">
              </div> <!-- times-div-OpenCart_Test_Suite -->
            </div> <!-- times-div -->
          </div> <!-- main-panel-content rounded-window-bottom -->
        </div> <!-- panel -->
        <div panel-name="reporter-OpenCart_Test_Suite" class="panel">
          <div class="main-panel-header rounded-window-top">
            <span class="header-content">Reporter output for OpenCart Test Suite</span>
          </div> <!-- main-panel-header rounded-window-top -->
          <div class="main-panel-content rounded-window-bottom">
          </div> <!-- main-panel-content rounded-window-bottom -->
        </div> <!-- panel -->
        <div panel-name="ignored-methods-OpenCart_Test_Suite" class="panel">
          <div class="main-panel-header rounded-window-top">
            <span class="header-content">2 ignored methods</span>
          </div> <!-- main-panel-header rounded-window-top -->
          <div class="main-panel-content rounded-window-bottom">
            <div class="ignored-class-div">
              <span class="ignored-class-name">com.opencart.tests.LoginTests</span>
              <div class="ignored-methods-div">
                <span class="ignored-method-name">testSessionTimeout</span>
                <br/>
                <span class="ignored-method-name">testInactiveCredentials</span>
                <br/>
              </div> <!-- ignored-methods-div -->
            </div> <!-- ignored-class-div -->
          </div> <!-- main-panel-content rounded-window-bottom -->
        </div> <!-- panel -->
        <div panel-name="chronological-OpenCart_Test_Suite" class="panel">
          <div class="main-panel-header rounded-window-top">
            <span class="header-content">Methods in chronological order</span>
          </div> <!-- main-panel-header rounded-window-top -->
          <div class="main-panel-content rounded-window-bottom">
            <div class="chronological-class">
              <div class="chronological-class-name">com.opencart.tests.LoginTests</div> <!-- chronological-class-name -->
              <div class="configuration-suite before">
                <span class="method-name">beforeSuite</span>
                <span class="method-start">0 ms</span>
              </div> <!-- configuration-suite before -->
              <div class="configuration-class before">
                <span class="method-name">setupClass</span>
                <span class="method-start">996 ms</span>
              </div> <!-- configuration-class before -->
              <div class="configuration-class before">
                <span class="method-name">setup</span>
                <span class="method-start">12356 ms</span>
              </div> <!-- configuration-class before -->
              <div class="test-method">
                <span class="method-name">testValidLogin</span>
                <span class="method-start">12467 ms</span>
              </div> <!-- test-method -->
              <div class="test-method">
                <span class="method-name">testValidLoginWithLastRowData(vk636485@gmail.com, Vimalutr16@)</span>
                <span class="method-start">35248 ms</span>
              </div> <!-- test-method -->
              <div class="test-method">
                <span class="method-name">testInvalidEmailAndPassword</span>
                <span class="method-start">50338 ms</span>
              </div> <!-- test-method -->
              <div class="test-method">
                <span class="method-name">testInvalidEmailValidPassword</span>
                <span class="method-start">56242 ms</span>
              </div> <!-- test-method -->
              <div class="test-method">
                <span class="method-name">testValidEmailInvalidPassword</span>
                <span class="method-start">68832 ms</span>
              </div> <!-- test-method -->
              <div class="test-method">
                <span class="method-name">testEmptyCredentials</span>
                <span class="method-start">81307 ms</span>
              </div> <!-- test-method -->
              <div class="test-method">
                <span class="method-name">testForgottenPasswordLink</span>
                <span class="method-start">94221 ms</span>
              </div> <!-- test-method -->
              <div class="test-method">
                <span class="method-name">testKeyboardNavigationLogin</span>
                <span class="method-start">115887 ms</span>
              </div> <!-- test-method -->
              <div class="test-method">
                <img src="failed.png">
                </img>
                <span class="method-name">testPlaceholderTexts</span>
                <span class="method-start">171026 ms</span>
              </div> <!-- test-method -->
              <div class="test-method">
                <span class="method-name">testBrowserBackAfterLogin</span>
                <span class="method-start">201870 ms</span>
              </div> <!-- test-method -->
              <div class="test-method">
                <img src="failed.png">
                </img>
                <span class="method-name">testBrowserBackAfterLogout</span>
                <span class="method-start">260172 ms</span>
              </div> <!-- test-method -->
              <div class="test-method">
                <img src="failed.png">
                </img>
                <span class="method-name">testMultipleUnsuccessfulLogins</span>
                <span class="method-start">291489 ms</span>
              </div> <!-- test-method -->
              <div class="test-method">
                <span class="method-name">testPasswordMasking</span>
                <span class="method-start">324722 ms</span>
              </div> <!-- test-method -->
              <div class="test-method">
                <span class="method-name">testPasswordCopyRestriction</span>
                <span class="method-start">329483 ms</span>
              </div> <!-- test-method -->
              <div class="test-method">
                <span class="method-name">testPasswordNotInSource</span>
                <span class="method-start">342152 ms</span>
              </div> <!-- test-method -->
              <div class="test-method">
                <span class="method-name">testLoginAfterPasswordChange</span>
                <span class="method-start">353016 ms</span>
              </div> <!-- test-method -->
              <div class="test-method">
                <span class="method-name">testSessionPersistence</span>
                <span class="method-start">353035 ms</span>
              </div> <!-- test-method -->
              <div class="test-method">
                <span class="method-name">testNavigationFromLoginPage</span>
                <span class="method-start">370345 ms</span>
              </div> <!-- test-method -->
              <div class="test-method">
                <span class="method-name">testMultipleNavigationWays</span>
                <span class="method-start">375973 ms</span>
              </div> <!-- test-method -->
              <div class="test-method">
                <span class="method-name">testPageMetadata</span>
                <span class="method-start">386878 ms</span>
              </div> <!-- test-method -->
              <div class="test-method">
                <span class="method-name">testUILayout</span>
                <span class="method-start">397858 ms</span>
              </div> <!-- test-method -->
              <div class="test-method">
                <span class="method-name">testCrossBrowserCompatibility</span>
                <span class="method-start">412688 ms</span>
              </div> <!-- test-method -->
              <div class="test-method">
                <span class="method-name">testDataDrivenLogin(vimalkumarm523@gmail.com, Tester123!, SUCCESS)</span>
                <span class="method-start">430279 ms</span>
              </div> <!-- test-method -->
              <div class="test-method">
                <img src="failed.png">
                </img>
                <span class="method-name">testDataDrivenLogin(vk636485@gmail.com, Vimalutr16@, SUCCESS)</span>
                <span class="method-start">477969 ms</span>
              </div> <!-- test-method -->
              <div class="test-method">
                <span class="method-name">testDataDrivenLogin(vimal1@test.com, Password@123, SUCCESS)</span>
                <span class="method-start">508892 ms</span>
              </div> <!-- test-method -->
              <div class="test-method">
                <img src="failed.png">
                </img>
                <span class="method-name">testDataDrivenLogin(shivab1@test.com, Password@123, SUCCESS)</span>
                <span class="method-start">564173 ms</span>
              </div> <!-- test-method -->
              <div class="test-method">
                <span class="method-name">testDataDrivenLogin(venkatr1@test.com, Password@123, SUCCESS)</span>
                <span class="method-start">595288 ms</span>
              </div> <!-- test-method -->
              <div class="test-method">
                <img src="failed.png">
                </img>
                <span class="method-name">testDataDrivenLogin(vimal1@test.com, Password@123, SUCCESS)</span>
                <span class="method-start">650775 ms</span>
              </div> <!-- test-method -->
              <div class="test-method">
                <span class="method-name">testDataDrivenLogin(vk636485@gmail.com, Vimalutr16@, SUCCESS)</span>
                <span class="method-start">681759 ms</span>
              </div> <!-- test-method -->
              <div class="test-method">
                <span class="method-name">testDataDrivenLogin(invalid@test.com, WrongPassword123!, FAILURE)</span>
                <span class="method-start">699656 ms</span>
              </div> <!-- test-method -->
              <div class="test-method">
                <span class="method-name">testDataDrivenLogin(, Password@123, FAILURE)</span>
                <span class="method-start">715212 ms</span>
              </div> <!-- test-method -->
              <div class="test-method">
                <span class="method-name">testDataDrivenLogin(test@test.com, , FAILURE)</span>
                <span class="method-start">738344 ms</span>
              </div> <!-- test-method -->
              <div class="test-method">
                <span class="method-name">testDataDrivenLogin(, , FAILURE)</span>
                <span class="method-start">761983 ms</span>
              </div> <!-- test-method -->
              <div class="test-method">
                <span class="method-name">testDataDrivenLogin(invalidemail, Password@123, FAILURE)</span>
                <span class="method-start">785663 ms</span>
              </div> <!-- test-method -->
              <div class="test-method">
                <span class="method-name">cleanupAfterTests</span>
                <span class="method-start">809357 ms</span>
              </div> <!-- test-method -->
              <div class="configuration-class after">
                <span class="method-name">tearDown</span>
                <span class="method-start">809970 ms</span>
              </div> <!-- configuration-class after -->
              <div class="configuration-class after">
                <img src="failed.png">
                </img>
                <span class="method-name">tearDownClass</span>
                <span class="method-start">809977 ms</span>
              </div> <!-- configuration-class after -->
              <div class="configuration-suite after">
                <span class="method-name">afterSuite</span>
                <span class="method-start">811790 ms</span>
              </div> <!-- configuration-suite after -->
          </div> <!-- main-panel-content rounded-window-bottom -->
        </div> <!-- panel -->
      </div> <!-- main-panel-root -->
    </div> <!-- wrapper -->
  </body>
<script type="text/javascript" src="testng-reports2.js"></script>
</html>
