{"uuid":"300eefc6-15de-40dc-8912-942becc56cfa","historyId":"9c850d7cda4c9df1b983bba844ba1c90","fullName":"com.opencart.tests.RegisterTests.testInvalidEmailFormat","labels":[{"name":"package","value":"com.opencart.tests.RegisterTests"},{"name":"testClass","value":"com.opencart.tests.RegisterTests"},{"name":"testMethod","value":"testInvalidEmailFormat"},{"name":"parentSuite","value":"OpenCart Test Suite"},{"name":"suite","value":"Registration Tests"},{"name":"subSuite","value":"com.opencart.tests.RegisterTests"},{"name":"host","value":"VIMALKUMAR-QA"},{"name":"thread","value":"25596@VIMALKUMAR-QA.main(1)"},{"name":"framework","value":"testng"},{"name":"language","value":"java"},{"name":"story","value":"TC_RF_001-TS_010"},{"name":"epic","value":"Authentication & Account Management"},{"name":"feature","value":"Registration Functionality"},{"name":"story","value":"TC_RF_001 - Validate the functionality of Register Account."},{"name":"severity","value":"normal"}],"links":[],"name":"Validate registration with invalid email format","status":"failed","statusDetails":{"known":false,"muted":false,"flaky":false,"message":"The following asserts failed:\n\tNo email validation detected for value: ''. Expected HTML5 validation, JavaScript validation, or server-side error. expected [true] but found [false],\n\tInvalid email warning (via CommonWrapper) not shown! expected [true] but found [false],\n\tEmail validation message (via HTML5) not as expected! expected [true] but found [false],\n\tEmail field incorrectly reported as valid! expected [false] but found [true],\n\tInvalid email warning (via CommonWrapper) not shown! expected [true] but found [false],\n\tEmail validation message (via HTML5) not as expected! expected [true] but found [false]","trace":"java.lang.AssertionError: The following asserts failed:\n\tNo email validation detected for value: ''. Expected HTML5 validation, JavaScript validation, or server-side error. expected [true] but found [false],\n\tInvalid email warning (via CommonWrapper) not shown! expected [true] but found [false],\n\tEmail validation message (via HTML5) not as expected! expected [true] but found [false],\n\tEmail field incorrectly reported as valid! expected [false] but found [true],\n\tInvalid email warning (via CommonWrapper) not shown! expected [true] but found [false],\n\tEmail validation message (via HTML5) not as expected! expected [true] but found [false]\r\n\tat org.testng.asserts.SoftAssert.assertAll(SoftAssert.java:46)\r\n\tat org.testng.asserts.SoftAssert.assertAll(SoftAssert.java:30)\r\n\tat com.opencart.pages.RegisterPage.verifyInvalidEmailError(RegisterPage.java:503)\r\n\tat com.opencart.tests.RegisterTests.testInvalidEmailFormat(RegisterTests.java:360)\r\n\tat java.base/jdk.internal.reflect.NativeMethodAccessorImpl.invoke0(Native Method)\r\n\tat java.base/jdk.internal.reflect.NativeMethodAccessorImpl.invoke(NativeMethodAccessorImpl.java:77)\r\n\tat java.base/jdk.internal.reflect.DelegatingMethodAccessorImpl.invoke(DelegatingMethodAccessorImpl.java:43)\r\n\tat java.base/java.lang.reflect.Method.invoke(Method.java:569)\r\n\tat org.testng.internal.invokers.MethodInvocationHelper.invokeMethod(MethodInvocationHelper.java:141)\r\n\tat org.testng.internal.invokers.TestInvoker.invokeMethod(TestInvoker.java:687)\r\n\tat org.testng.internal.invokers.TestInvoker.invokeTestMethod(TestInvoker.java:230)\r\n\tat org.testng.internal.invokers.MethodRunner.runInSequence(MethodRunner.java:63)\r\n\tat org.testng.internal.invokers.TestInvoker$MethodInvocationAgent.invoke(TestInvoker.java:995)\r\n\tat org.testng.internal.invokers.TestInvoker.invokeTestMethods(TestInvoker.java:203)\r\n\tat org.testng.internal.invokers.TestMethodWorker.invokeTestMethods(TestMethodWorker.java:154)\r\n\tat org.testng.internal.invokers.TestMethodWorker.run(TestMethodWorker.java:134)\r\n\tat java.base/java.util.ArrayList.forEach(ArrayList.java:1511)\r\n\tat org.testng.TestRunner.privateRun(TestRunner.java:741)\r\n\tat org.testng.TestRunner.run(TestRunner.java:616)\r\n\tat org.testng.SuiteRunner.runTest(SuiteRunner.java:421)\r\n\tat org.testng.SuiteRunner.runSequentially(SuiteRunner.java:413)\r\n\tat org.testng.SuiteRunner.privateRun(SuiteRunner.java:373)\r\n\tat org.testng.SuiteRunner.run(SuiteRunner.java:312)\r\n\tat org.testng.SuiteRunnerWorker.runSuite(SuiteRunnerWorker.java:52)\r\n\tat org.testng.SuiteRunnerWorker.run(SuiteRunnerWorker.java:95)\r\n\tat org.testng.TestNG.runSuitesSequentially(TestNG.java:1274)\r\n\tat org.testng.TestNG.runSuitesLocally(TestNG.java:1208)\r\n\tat org.testng.TestNG.runSuites(TestNG.java:1112)\r\n\tat org.testng.TestNG.run(TestNG.java:1079)\r\n\tat org.apache.maven.surefire.testng.TestNGExecutor.run(TestNGExecutor.java:308)\r\n\tat org.apache.maven.surefire.testng.TestNGXmlTestSuite.execute(TestNGXmlTestSuite.java:71)\r\n\tat org.apache.maven.surefire.testng.TestNGProvider.invoke(TestNGProvider.java:113)\r\n\tat org.apache.maven.surefire.booter.ForkedBooter.runSuitesInProcess(ForkedBooter.java:385)\r\n\tat org.apache.maven.surefire.booter.ForkedBooter.execute(ForkedBooter.java:162)\r\n\tat org.apache.maven.surefire.booter.ForkedBooter.run(ForkedBooter.java:507)\r\n\tat org.apache.maven.surefire.booter.ForkedBooter.main(ForkedBooter.java:495)\r\n"},"stage":"finished","description":"Validate registration with various invalid email formats","steps":[{"name":"Navigate to registartion page","status":"passed","stage":"finished","steps":[],"attachments":[],"parameters":[],"start":1761753123106,"stop":1761753133975},{"name":"Register with test data: First Name: At, Last Name: lee, Email: invalidemail","status":"passed","stage":"finished","steps":[{"name":"Fill registration form with details: First Name: At, Last Name: lee, Email: invalidemail","status":"passed","stage":"finished","steps":[],"attachments":[],"parameters":[{"name":"firstName","value":"At"},{"name":"lastName","value":"lee"},{"name":"email","value":"invalidemail"},{"name":"phoneNumber","value":"9988776655"},{"name":"password","value":"Password@123"},{"name":"confirmPassword","value":"Password@123"}],"start":1761753133977,"stop":1761753135482},{"name":"Check privacy policy checkbox state","status":"passed","stage":"finished","steps":[],"attachments":[],"parameters":[],"start":1761753135483,"stop":1761753135539},{"name":"Agree to privacy policy","status":"passed","stage":"finished","steps":[],"attachments":[],"parameters":[],"start":1761753135540,"stop":1761753135639}],"attachments":[],"parameters":[{"name":"firstName","value":"At"},{"name":"lastName","value":"lee"},{"name":"email","value":"invalidemail"},{"name":"phone","value":"9988776655"},{"name":"password","value":"Password@123"},{"name":"confirmPassword","value":"Password@123"},{"name":"privacyPolicy","value":"TRUE"}],"start":1761753133976,"stop":1761753135639},{"name":"Verify invalid email error for: {0}","status":"failed","statusDetails":{"known":false,"muted":false,"flaky":false,"message":"The following asserts failed:\n\tNo email validation detected for value: ''. Expected HTML5 validation, JavaScript validation, or server-side error. expected [true] but found [false],\n\tInvalid email warning (via CommonWrapper) not shown! expected [true] but found [false],\n\tEmail validation message (via HTML5) not as expected! expected [true] but found [false],\n\tEmail field incorrectly reported as valid! expected [false] but found [true],\n\tInvalid email warning (via CommonWrapper) not shown! expected [true] but found [false],\n\tEmail validation message (via HTML5) not as expected! expected [true] but found [false]","trace":"java.lang.AssertionError: The following asserts failed:\n\tNo email validation detected for value: ''. Expected HTML5 validation, JavaScript validation, or server-side error. expected [true] but found [false],\n\tInvalid email warning (via CommonWrapper) not shown! expected [true] but found [false],\n\tEmail validation message (via HTML5) not as expected! expected [true] but found [false],\n\tEmail field incorrectly reported as valid! expected [false] but found [true],\n\tInvalid email warning (via CommonWrapper) not shown! expected [true] but found [false],\n\tEmail validation message (via HTML5) not as expected! expected [true] but found [false]\r\n\tat org.testng.asserts.SoftAssert.assertAll(SoftAssert.java:46)\r\n\tat org.testng.asserts.SoftAssert.assertAll(SoftAssert.java:30)\r\n\tat com.opencart.pages.RegisterPage.verifyInvalidEmailError(RegisterPage.java:503)\r\n\tat com.opencart.tests.RegisterTests.testInvalidEmailFormat(RegisterTests.java:360)\r\n\tat java.base/jdk.internal.reflect.NativeMethodAccessorImpl.invoke0(Native Method)\r\n\tat java.base/jdk.internal.reflect.NativeMethodAccessorImpl.invoke(NativeMethodAccessorImpl.java:77)\r\n\tat java.base/jdk.internal.reflect.DelegatingMethodAccessorImpl.invoke(DelegatingMethodAccessorImpl.java:43)\r\n\tat java.base/java.lang.reflect.Method.invoke(Method.java:569)\r\n\tat org.testng.internal.invokers.MethodInvocationHelper.invokeMethod(MethodInvocationHelper.java:141)\r\n\tat org.testng.internal.invokers.TestInvoker.invokeMethod(TestInvoker.java:687)\r\n\tat org.testng.internal.invokers.TestInvoker.invokeTestMethod(TestInvoker.java:230)\r\n\tat org.testng.internal.invokers.MethodRunner.runInSequence(MethodRunner.java:63)\r\n\tat org.testng.internal.invokers.TestInvoker$MethodInvocationAgent.invoke(TestInvoker.java:995)\r\n\tat org.testng.internal.invokers.TestInvoker.invokeTestMethods(TestInvoker.java:203)\r\n\tat org.testng.internal.invokers.TestMethodWorker.invokeTestMethods(TestMethodWorker.java:154)\r\n\tat org.testng.internal.invokers.TestMethodWorker.run(TestMethodWorker.java:134)\r\n\tat java.base/java.util.ArrayList.forEach(ArrayList.java:1511)\r\n\tat org.testng.TestRunner.privateRun(TestRunner.java:741)\r\n\tat org.testng.TestRunner.run(TestRunner.java:616)\r\n\tat org.testng.SuiteRunner.runTest(SuiteRunner.java:421)\r\n\tat org.testng.SuiteRunner.runSequentially(SuiteRunner.java:413)\r\n\tat org.testng.SuiteRunner.privateRun(SuiteRunner.java:373)\r\n\tat org.testng.SuiteRunner.run(SuiteRunner.java:312)\r\n\tat org.testng.SuiteRunnerWorker.runSuite(SuiteRunnerWorker.java:52)\r\n\tat org.testng.SuiteRunnerWorker.run(SuiteRunnerWorker.java:95)\r\n\tat org.testng.TestNG.runSuitesSequentially(TestNG.java:1274)\r\n\tat org.testng.TestNG.runSuitesLocally(TestNG.java:1208)\r\n\tat org.testng.TestNG.runSuites(TestNG.java:1112)\r\n\tat org.testng.TestNG.run(TestNG.java:1079)\r\n\tat org.apache.maven.surefire.testng.TestNGExecutor.run(TestNGExecutor.java:308)\r\n\tat org.apache.maven.surefire.testng.TestNGXmlTestSuite.execute(TestNGXmlTestSuite.java:71)\r\n\tat org.apache.maven.surefire.testng.TestNGProvider.invoke(TestNGProvider.java:113)\r\n\tat org.apache.maven.surefire.booter.ForkedBooter.runSuitesInProcess(ForkedBooter.java:385)\r\n\tat org.apache.maven.surefire.booter.ForkedBooter.execute(ForkedBooter.java:162)\r\n\tat org.apache.maven.surefire.booter.ForkedBooter.run(ForkedBooter.java:507)\r\n\tat org.apache.maven.surefire.booter.ForkedBooter.main(ForkedBooter.java:495)\r\n"},"stage":"finished","steps":[{"name":"Get all error messages from the form","status":"passed","stage":"finished","steps":[],"attachments":[],"parameters":[],"start":1761753136773,"stop":1761753281098}],"attachments":[],"parameters":[],"start":1761753135639,"stop":1761753281257}],"attachments":[{"name":"Screenshot on Failure","source":"b0c8f076-6e08-472f-88f0-871da759e74e-attachment.png","type":"image/png"},{"name":"Stack Trace","source":"ee25bcac-2912-4ec5-8c75-a12c6e7c4feb-attachment.txt","type":"text/plain"}],"parameters":[{"name":"arg3","value":"9988776655"},{"name":"arg2","value":"invalidemail"},{"name":"arg5","value":"Password@123"},{"name":"arg4","value":"Password@123"},{"name":"arg1","value":"lee"},{"name":"arg0","value":"At"},{"name":"arg6","value":"TRUE"}],"start":1761753123104,"stop":1761753281440}