<?xml version="1.0" encoding="UTF-8"?>
<!-- Generated by org.testng.reporters.JUnitXMLReporter -->
<testsuite ignored="1" hostname="VIMALKUMAR-QA" failures="2" tests="36" name="Registration Tests" time="1253.247" errors="0" timestamp="2025-10-29T21:36:47 IST">
  <testcase classname="com.opencart.base.BaseTest" name="@AfterClass tearDownClass" time="0.003">
    <failure type="java.lang.AssertionError" message="The following asserts failed:
	Password confirmation error should be displayed expected [true] but found [false],
	Should show error message when privacy policy is not accepted expected [true] but found [false]">
      <![CDATA[java.lang.AssertionError: The following asserts failed:
Password confirmation error should be displayed expected [true] but found [false],
Should show error message when privacy policy is not accepted expected [true] but found [false]
at com.opencart.base.BaseTest.tearDownClass(BaseTest.java:94)
at java.base/java.util.ArrayList.forEach(ArrayList.java:1511)
... Removed 32 stack frames]]>
    </failure>
  </testcase> <!-- @AfterClass tearDownClass -->
  <testcase classname="com.opencart.tests.RegisterTests" name="testPlaceholderTexts" time="12.603"/>
  <testcase classname="com.opencart.tests.RegisterTests" name="testMandatoryFieldIndicators" time="11.176"/>
  <testcase classname="com.opencart.tests.RegisterTests" name="testPageMetadata" time="10.89"/>
  <testcase classname="com.opencart.tests.RegisterTests" name="testUILayout" time="11.433"/>
  <testcase classname="com.opencart.tests.RegisterTests" name="testRegistrationWithMandatoryFields" time="13.26"/>
  <testcase classname="com.opencart.tests.RegisterTests" name="testRegistrationWithAllFields" time="6.147"/>
  <testcase classname="com.opencart.tests.RegisterTests" name="testEmptyMandatoryFields" time="27.512"/>
  <testcase classname="com.opencart.tests.RegisterTests" name="testFieldsWithSpacesOnly" time="97.302"/>
  <testcase classname="com.opencart.tests.RegisterTests" name="testTrimSpaces" time="14.131"/>
  <testcase classname="com.opencart.tests.RegisterTests" name="testInvalidEmailFormat" time="151.487">
    <failure type="java.lang.AssertionError" message="The following asserts failed:
	No email validation detected for value: &amp;apos;&amp;apos;. Expected HTML5 validation, JavaScript validation, or server-side error. expected [true] but found [false],
	Invalid email warning (via CommonWrapper) not shown! expected [true] but found [false],
	Email validation message (via HTML5) not as expected! expected [true] but found [false],
	Email field incorrectly reported as valid! expected [false] but found [true]">
      <![CDATA[java.lang.AssertionError: The following asserts failed:
No email validation detected for value: ''. Expected HTML5 validation, JavaScript validation, or server-side error. expected [true] but found [false],
Invalid email warning (via CommonWrapper) not shown! expected [true] but found [false],
Email validation message (via HTML5) not as expected! expected [true] but found [false],
Email field incorrectly reported as valid! expected [false] but found [true]
at com.opencart.pages.RegisterPage.verifyInvalidEmailError(RegisterPage.java:503)
at com.opencart.tests.RegisterTests.testInvalidEmailFormat(RegisterTests.java:360)
at java.base/java.util.ArrayList.forEach(ArrayList.java:1511)
... Removed 33 stack frames]]>
    </failure>
  </testcase> <!-- testInvalidEmailFormat -->
  <testcase classname="com.opencart.tests.RegisterTests" name="testInvalidEmailFormat" time="0.007"/>
  <testcase classname="com.opencart.tests.RegisterTests" name="testInvalidEmailFormat" time="0.005"/>
  <testcase classname="com.opencart.tests.RegisterTests" name="testInvalidEmailFormat" time="158.159">
    <failure type="java.lang.AssertionError" message="The following asserts failed:
	No email validation detected for value: &amp;apos;&amp;apos;. Expected HTML5 validation, JavaScript validation, or server-side error. expected [true] but found [false],
	Invalid email warning (via CommonWrapper) not shown! expected [true] but found [false],
	Email validation message (via HTML5) not as expected! expected [true] but found [false],
	Email field incorrectly reported as valid! expected [false] but found [true],
	Invalid email warning (via CommonWrapper) not shown! expected [true] but found [false],
	Email validation message (via HTML5) not as expected! expected [true] but found [false]">
      <![CDATA[java.lang.AssertionError: The following asserts failed:
No email validation detected for value: ''. Expected HTML5 validation, JavaScript validation, or server-side error. expected [true] but found [false],
Invalid email warning (via CommonWrapper) not shown! expected [true] but found [false],
Email validation message (via HTML5) not as expected! expected [true] but found [false],
Email field incorrectly reported as valid! expected [false] but found [true],
Invalid email warning (via CommonWrapper) not shown! expected [true] but found [false],
Email validation message (via HTML5) not as expected! expected [true] but found [false]
at com.opencart.pages.RegisterPage.verifyInvalidEmailError(RegisterPage.java:503)
at com.opencart.tests.RegisterTests.testInvalidEmailFormat(RegisterTests.java:360)
at java.base/java.util.ArrayList.forEach(ArrayList.java:1511)
... Removed 33 stack frames]]>
    </failure>
  </testcase> <!-- testInvalidEmailFormat -->
  <testcase classname="com.opencart.tests.RegisterTests" name="testInvalidEmailFormat" time="0.008"/>
  <testcase classname="com.opencart.tests.RegisterTests" name="testInvalidPhoneNumber" time="0.007"/>
  <testcase classname="com.opencart.tests.RegisterTests" name="testInvalidPhoneNumber" time="0.007"/>
  <testcase classname="com.opencart.tests.RegisterTests" name="testInvalidPhoneNumber" time="0.006"/>
  <testcase classname="com.opencart.tests.RegisterTests" name="testInvalidPhoneNumber" time="0.006"/>
  <testcase classname="com.opencart.tests.RegisterTests" name="testInvalidPhoneNumber" time="178.41"/>
  <testcase classname="com.opencart.tests.RegisterTests" name="testPasswordComplexity" time="160.304"/>
  <testcase classname="com.opencart.tests.RegisterTests" name="testPasswordMismatchWithData" time="32.868"/>
  <testcase classname="com.opencart.tests.RegisterTests" name="testEmptyPasswordConfirm" time="12.56"/>
  <testcase classname="com.opencart.tests.RegisterTests" name="testPasswordVisibilityToggle" time="10.972"/>
  <testcase classname="com.opencart.tests.RegisterTests" name="testFieldConstraints" time="11.105"/>
  <testcase classname="com.opencart.tests.RegisterTests" name="testNavigationToRegister" time="10.732"/>
  <testcase classname="com.opencart.tests.RegisterTests" name="testKeyboardNavigation" time="13.14"/>
  <testcase classname="com.opencart.tests.RegisterTests" name="testNewsletterSubscriptionYes" time="5.931"/>
  <testcase classname="com.opencart.tests.RegisterTests" name="testNewsletterSubscriptionNo" time="6.043"/>
  <testcase classname="com.opencart.tests.RegisterTests" name="testPrivacyPolicyDefaultState" time="3.796"/>
  <testcase classname="com.opencart.tests.RegisterTests" name="testRegistrationWithoutPrivacyPolicy" time="180.508"/>
  <testcase classname="com.opencart.tests.RegisterTests" name="testDuplicateEmailRegistration" time="19.449"/>
  <testcase classname="com.opencart.tests.RegisterTests" name="testDataStorageVerification" time="12.976"/>
  <testcase classname="com.opencart.tests.RegisterTests" name="testNavigationLinks" time="36.54"/>
  <testcase classname="com.opencart.tests.RegisterTests" name="testConfirmationEmail" time="14.014"/>
  <testcase classname="com.opencart.tests.RegisterTests" name="testCrossBrowserCompatibility" time="6.724"/>
  <testcase classname="com.opencart.tests.RegisterTests" name="cleanupAfterTests" time="8.39"/>
  <testcase classname="com.opencart.tests.RegisterTests" name="testComprehensiveRegistration" time="0.0">
    <ignored/>
  </testcase> <!-- testComprehensiveRegistration -->
</testsuite> <!-- Registration Tests -->
