<?xml version="1.0" encoding="UTF-8"?>
<!-- Generated by org.testng.reporters.JUnitReportReporter -->
<testsuite hostname="VIMALKUMAR-QA" failures="3" tests="38" name="com.opencart.tests.RegisterTests" time="1238.611" errors="0" timestamp="2025-10-29T21:36:48 IST" skipped="1">
  <testcase classname="com.opencart.tests.RegisterTests" name="tearDownClass" time="0.003">
    <failure message="The following asserts failed:
	Password confirmation error should be displayed expected [true] but found [false],
	Should show error message when privacy policy is not accepted expected [true] but found [false]" type="java.lang.AssertionError">
      <![CDATA[java.lang.AssertionError: The following asserts failed:
Password confirmation error should be displayed expected [true] but found [false],
Should show error message when privacy policy is not accepted expected [true] but found [false]
at org.testng.asserts.SoftAssert.assertAll(SoftAssert.java:46)
at org.testng.asserts.SoftAssert.assertAll(SoftAssert.java:30)
at com.opencart.base.BaseTest.tearDownClass(BaseTest.java:94)
at java.base/jdk.internal.reflect.NativeMethodAccessorImpl.invoke0(Native Method)
at java.base/jdk.internal.reflect.NativeMethodAccessorImpl.invoke(NativeMethodAccessorImpl.java:77)
at java.base/jdk.internal.reflect.DelegatingMethodAccessorImpl.invoke(DelegatingMethodAccessorImpl.java:43)
at java.base/java.lang.reflect.Method.invoke(Method.java:569)
at org.testng.internal.invokers.MethodInvocationHelper.invokeMethod(MethodInvocationHelper.java:141)
at org.testng.internal.invokers.MethodInvocationHelper.invokeMethodConsideringTimeout(MethodInvocationHelper.java:71)
at org.testng.internal.invokers.ConfigInvoker.invokeConfigurationMethod(ConfigInvoker.java:400)
at org.testng.internal.invokers.ConfigInvoker.invokeConfigurations(ConfigInvoker.java:333)
at org.testng.internal.invokers.TestMethodWorker.invokeAfterClassConfigurations(TestMethodWorker.java:238)
at org.testng.internal.invokers.TestMethodWorker.invokeAfterClassMethods(TestMethodWorker.java:223)
at org.testng.internal.invokers.TestMethodWorker.run(TestMethodWorker.java:137)
at java.base/java.util.ArrayList.forEach(ArrayList.java:1511)
at org.testng.TestRunner.privateRun(TestRunner.java:741)
at org.testng.TestRunner.run(TestRunner.java:616)
at org.testng.SuiteRunner.runTest(SuiteRunner.java:421)
at org.testng.SuiteRunner.runSequentially(SuiteRunner.java:413)
at org.testng.SuiteRunner.privateRun(SuiteRunner.java:373)
at org.testng.SuiteRunner.run(SuiteRunner.java:312)
at org.testng.SuiteRunnerWorker.runSuite(SuiteRunnerWorker.java:52)
at org.testng.SuiteRunnerWorker.run(SuiteRunnerWorker.java:95)
at org.testng.TestNG.runSuitesSequentially(TestNG.java:1274)
at org.testng.TestNG.runSuitesLocally(TestNG.java:1208)
at org.testng.TestNG.runSuites(TestNG.java:1112)
at org.testng.TestNG.run(TestNG.java:1079)
at org.apache.maven.surefire.testng.TestNGExecutor.run(TestNGExecutor.java:308)
at org.apache.maven.surefire.testng.TestNGXmlTestSuite.execute(TestNGXmlTestSuite.java:71)
at org.apache.maven.surefire.testng.TestNGProvider.invoke(TestNGProvider.java:113)
at org.apache.maven.surefire.booter.ForkedBooter.runSuitesInProcess(ForkedBooter.java:385)
at org.apache.maven.surefire.booter.ForkedBooter.execute(ForkedBooter.java:162)
at org.apache.maven.surefire.booter.ForkedBooter.run(ForkedBooter.java:507)
at org.apache.maven.surefire.booter.ForkedBooter.main(ForkedBooter.java:495)
]]>
    </failure>
  </testcase> <!-- tearDownClass -->
  <testcase classname="com.opencart.tests.RegisterTests" name="testPlaceholderTexts" time="12.603"/>
  <testcase classname="com.opencart.tests.RegisterTests" name="testMandatoryFieldIndicators" time="11.176"/>
  <testcase classname="com.opencart.tests.RegisterTests" name="testPageMetadata" time="10.890"/>
  <testcase classname="com.opencart.tests.RegisterTests" name="testUILayout" time="11.433"/>
  <testcase classname="com.opencart.tests.RegisterTests" name="testRegistrationWithMandatoryFields" time="13.260"/>
  <testcase classname="com.opencart.tests.RegisterTests" name="testRegistrationWithAllFields" time="6.147"/>
  <testcase classname="com.opencart.tests.RegisterTests" name="testEmptyMandatoryFields" time="27.512"/>
  <testcase classname="com.opencart.tests.RegisterTests" name="testFieldsWithSpacesOnly" time="97.302"/>
  <testcase classname="com.opencart.tests.RegisterTests" name="testTrimSpaces" time="14.131"/>
  <testcase classname="com.opencart.tests.RegisterTests" name="testInvalidEmailFormat" time="0.005"/>
  <testcase classname="com.opencart.tests.RegisterTests" name="testInvalidEmailFormat" time="0.007"/>
  <testcase classname="com.opencart.tests.RegisterTests" name="testInvalidEmailFormat" time="151.487">
    <failure message="The following asserts failed:
	No email validation detected for value: &#039;&#039;. Expected HTML5 validation, JavaScript validation, or server-side error. expected [true] but found [false],
	Invalid email warning (via CommonWrapper) not shown! expected [true] but found [false],
	Email validation message (via HTML5) not as expected! expected [true] but found [false],
	Email field incorrectly reported as valid! expected [false] but found [true]" type="java.lang.AssertionError">
      <![CDATA[java.lang.AssertionError: The following asserts failed:
No email validation detected for value: ''. Expected HTML5 validation, JavaScript validation, or server-side error. expected [true] but found [false],
Invalid email warning (via CommonWrapper) not shown! expected [true] but found [false],
Email validation message (via HTML5) not as expected! expected [true] but found [false],
Email field incorrectly reported as valid! expected [false] but found [true]
at org.testng.asserts.SoftAssert.assertAll(SoftAssert.java:46)
at org.testng.asserts.SoftAssert.assertAll(SoftAssert.java:30)
at com.opencart.pages.RegisterPage.verifyInvalidEmailError(RegisterPage.java:503)
at com.opencart.tests.RegisterTests.testInvalidEmailFormat(RegisterTests.java:360)
at java.base/jdk.internal.reflect.NativeMethodAccessorImpl.invoke0(Native Method)
at java.base/jdk.internal.reflect.NativeMethodAccessorImpl.invoke(NativeMethodAccessorImpl.java:77)
at java.base/jdk.internal.reflect.DelegatingMethodAccessorImpl.invoke(DelegatingMethodAccessorImpl.java:43)
at java.base/java.lang.reflect.Method.invoke(Method.java:569)
at org.testng.internal.invokers.MethodInvocationHelper.invokeMethod(MethodInvocationHelper.java:141)
at org.testng.internal.invokers.TestInvoker.invokeMethod(TestInvoker.java:687)
at org.testng.internal.invokers.TestInvoker.invokeTestMethod(TestInvoker.java:230)
at org.testng.internal.invokers.MethodRunner.runInSequence(MethodRunner.java:63)
at org.testng.internal.invokers.TestInvoker$MethodInvocationAgent.invoke(TestInvoker.java:995)
at org.testng.internal.invokers.TestInvoker.invokeTestMethods(TestInvoker.java:203)
at org.testng.internal.invokers.TestMethodWorker.invokeTestMethods(TestMethodWorker.java:154)
at org.testng.internal.invokers.TestMethodWorker.run(TestMethodWorker.java:134)
at java.base/java.util.ArrayList.forEach(ArrayList.java:1511)
at org.testng.TestRunner.privateRun(TestRunner.java:741)
at org.testng.TestRunner.run(TestRunner.java:616)
at org.testng.SuiteRunner.runTest(SuiteRunner.java:421)
at org.testng.SuiteRunner.runSequentially(SuiteRunner.java:413)
at org.testng.SuiteRunner.privateRun(SuiteRunner.java:373)
at org.testng.SuiteRunner.run(SuiteRunner.java:312)
at org.testng.SuiteRunnerWorker.runSuite(SuiteRunnerWorker.java:52)
at org.testng.SuiteRunnerWorker.run(SuiteRunnerWorker.java:95)
at org.testng.TestNG.runSuitesSequentially(TestNG.java:1274)
at org.testng.TestNG.runSuitesLocally(TestNG.java:1208)
at org.testng.TestNG.runSuites(TestNG.java:1112)
at org.testng.TestNG.run(TestNG.java:1079)
at org.apache.maven.surefire.testng.TestNGExecutor.run(TestNGExecutor.java:308)
at org.apache.maven.surefire.testng.TestNGXmlTestSuite.execute(TestNGXmlTestSuite.java:71)
at org.apache.maven.surefire.testng.TestNGProvider.invoke(TestNGProvider.java:113)
at org.apache.maven.surefire.booter.ForkedBooter.runSuitesInProcess(ForkedBooter.java:385)
at org.apache.maven.surefire.booter.ForkedBooter.execute(ForkedBooter.java:162)
at org.apache.maven.surefire.booter.ForkedBooter.run(ForkedBooter.java:507)
at org.apache.maven.surefire.booter.ForkedBooter.main(ForkedBooter.java:495)
]]>
    </failure>
  </testcase> <!-- testInvalidEmailFormat -->
  <testcase classname="com.opencart.tests.RegisterTests" name="testInvalidEmailFormat" time="0.008"/>
  <testcase classname="com.opencart.tests.RegisterTests" name="testInvalidEmailFormat" time="158.159">
    <failure message="The following asserts failed:
	No email validation detected for value: &#039;&#039;. Expected HTML5 validation, JavaScript validation, or server-side error. expected [true] but found [false],
	Invalid email warning (via CommonWrapper) not shown! expected [true] but found [false],
	Email validation message (via HTML5) not as expected! expected [true] but found [false],
	Email field incorrectly reported as valid! expected [false] but found [true],
	Invalid email warning (via CommonWrapper) not shown! expected [true] but found [false],
	Email validation message (via HTML5) not as expected! expected [true] but found [false]" type="java.lang.AssertionError">
      <![CDATA[java.lang.AssertionError: The following asserts failed:
No email validation detected for value: ''. Expected HTML5 validation, JavaScript validation, or server-side error. expected [true] but found [false],
Invalid email warning (via CommonWrapper) not shown! expected [true] but found [false],
Email validation message (via HTML5) not as expected! expected [true] but found [false],
Email field incorrectly reported as valid! expected [false] but found [true],
Invalid email warning (via CommonWrapper) not shown! expected [true] but found [false],
Email validation message (via HTML5) not as expected! expected [true] but found [false]
at org.testng.asserts.SoftAssert.assertAll(SoftAssert.java:46)
at org.testng.asserts.SoftAssert.assertAll(SoftAssert.java:30)
at com.opencart.pages.RegisterPage.verifyInvalidEmailError(RegisterPage.java:503)
at com.opencart.tests.RegisterTests.testInvalidEmailFormat(RegisterTests.java:360)
at java.base/jdk.internal.reflect.NativeMethodAccessorImpl.invoke0(Native Method)
at java.base/jdk.internal.reflect.NativeMethodAccessorImpl.invoke(NativeMethodAccessorImpl.java:77)
at java.base/jdk.internal.reflect.DelegatingMethodAccessorImpl.invoke(DelegatingMethodAccessorImpl.java:43)
at java.base/java.lang.reflect.Method.invoke(Method.java:569)
at org.testng.internal.invokers.MethodInvocationHelper.invokeMethod(MethodInvocationHelper.java:141)
at org.testng.internal.invokers.TestInvoker.invokeMethod(TestInvoker.java:687)
at org.testng.internal.invokers.TestInvoker.invokeTestMethod(TestInvoker.java:230)
at org.testng.internal.invokers.MethodRunner.runInSequence(MethodRunner.java:63)
at org.testng.internal.invokers.TestInvoker$MethodInvocationAgent.invoke(TestInvoker.java:995)
at org.testng.internal.invokers.TestInvoker.invokeTestMethods(TestInvoker.java:203)
at org.testng.internal.invokers.TestMethodWorker.invokeTestMethods(TestMethodWorker.java:154)
at org.testng.internal.invokers.TestMethodWorker.run(TestMethodWorker.java:134)
at java.base/java.util.ArrayList.forEach(ArrayList.java:1511)
at org.testng.TestRunner.privateRun(TestRunner.java:741)
at org.testng.TestRunner.run(TestRunner.java:616)
at org.testng.SuiteRunner.runTest(SuiteRunner.java:421)
at org.testng.SuiteRunner.runSequentially(SuiteRunner.java:413)
at org.testng.SuiteRunner.privateRun(SuiteRunner.java:373)
at org.testng.SuiteRunner.run(SuiteRunner.java:312)
at org.testng.SuiteRunnerWorker.runSuite(SuiteRunnerWorker.java:52)
at org.testng.SuiteRunnerWorker.run(SuiteRunnerWorker.java:95)
at org.testng.TestNG.runSuitesSequentially(TestNG.java:1274)
at org.testng.TestNG.runSuitesLocally(TestNG.java:1208)
at org.testng.TestNG.runSuites(TestNG.java:1112)
at org.testng.TestNG.run(TestNG.java:1079)
at org.apache.maven.surefire.testng.TestNGExecutor.run(TestNGExecutor.java:308)
at org.apache.maven.surefire.testng.TestNGXmlTestSuite.execute(TestNGXmlTestSuite.java:71)
at org.apache.maven.surefire.testng.TestNGProvider.invoke(TestNGProvider.java:113)
at org.apache.maven.surefire.booter.ForkedBooter.runSuitesInProcess(ForkedBooter.java:385)
at org.apache.maven.surefire.booter.ForkedBooter.execute(ForkedBooter.java:162)
at org.apache.maven.surefire.booter.ForkedBooter.run(ForkedBooter.java:507)
at org.apache.maven.surefire.booter.ForkedBooter.main(ForkedBooter.java:495)
]]>
    </failure>
  </testcase> <!-- testInvalidEmailFormat -->
  <testcase classname="com.opencart.tests.RegisterTests" name="testInvalidPhoneNumber" time="0.006"/>
  <testcase classname="com.opencart.tests.RegisterTests" name="testInvalidPhoneNumber" time="0.007"/>
  <testcase classname="com.opencart.tests.RegisterTests" name="testInvalidPhoneNumber" time="178.410"/>
  <testcase classname="com.opencart.tests.RegisterTests" name="testInvalidPhoneNumber" time="0.006"/>
  <testcase classname="com.opencart.tests.RegisterTests" name="testInvalidPhoneNumber" time="0.007"/>
  <testcase classname="com.opencart.tests.RegisterTests" name="testPasswordComplexity" time="160.304"/>
  <testcase classname="com.opencart.tests.RegisterTests" name="testPasswordMismatchWithData" time="32.868"/>
  <testcase classname="com.opencart.tests.RegisterTests" name="testEmptyPasswordConfirm" time="12.560"/>
  <testcase classname="com.opencart.tests.RegisterTests" name="testPasswordVisibilityToggle" time="10.972"/>
  <testcase classname="com.opencart.tests.RegisterTests" name="testFieldConstraints" time="11.105"/>
  <testcase classname="com.opencart.tests.RegisterTests" name="testNavigationToRegister" time="10.732"/>
  <testcase classname="com.opencart.tests.RegisterTests" name="testKeyboardNavigation" time="13.140"/>
  <testcase classname="com.opencart.tests.RegisterTests" name="testNewsletterSubscriptionYes" time="5.931"/>
  <testcase classname="com.opencart.tests.RegisterTests" name="testNewsletterSubscriptionNo" time="6.043"/>
  <testcase classname="com.opencart.tests.RegisterTests" name="testPrivacyPolicyDefaultState" time="3.796"/>
  <testcase classname="com.opencart.tests.RegisterTests" name="testRegistrationWithoutPrivacyPolicy" time="180.508"/>
  <testcase classname="com.opencart.tests.RegisterTests" name="testDuplicateEmailRegistration" time="19.449"/>
  <testcase classname="com.opencart.tests.RegisterTests" name="testDataStorageVerification" time="12.976"/>
  <testcase classname="com.opencart.tests.RegisterTests" name="testNavigationLinks" time="36.540"/>
  <testcase classname="com.opencart.tests.RegisterTests" name="testConfirmationEmail" time="14.014"/>
  <testcase classname="com.opencart.tests.RegisterTests" name="testCrossBrowserCompatibility" time="6.724"/>
  <testcase classname="com.opencart.tests.RegisterTests" name="cleanupAfterTests" time="8.390"/>
  <testcase classname="com.opencart.tests.RegisterTests" name="testComprehensiveRegistration">
    <skipped/>
  </testcase> <!-- testComprehensiveRegistration -->
</testsuite> <!-- com.opencart.tests.RegisterTests -->
