<?xml version="1.0" encoding="UTF-8"?>
<!-- Generated by org.testng.reporters.JUnitXMLReporter -->
<testsuite ignored="1" hostname="VIMALKUMAR-QA" failures="2" tests="36" name="Test" time="1229.358" errors="0" timestamp="2025-10-29T14:46:58 IST">
  <testcase classname="com.opencart.base.BaseTest" name="@AfterClass tearDownClass" time="0.003">
    <failure type="java.lang.AssertionError" message="The following asserts failed:
	Password confirmation error should be displayed expected [true] but found [false],
	Should show error message when privacy policy is not accepted expected [true] but found [false]">
      <![CDATA[java.lang.AssertionError: The following asserts failed:
Password confirmation error should be displayed expected [true] but found [false],
Should show error message when privacy policy is not accepted expected [true] but found [false]
at com.opencart.base.BaseTest.tearDownClass(BaseTest.java:93)
at java.base/java.util.ArrayList.forEach(ArrayList.java:1596)
... Removed 30 stack frames]]>
    </failure>
  </testcase> <!-- @AfterClass tearDownClass -->
  <testcase classname="com.opencart.tests.RegisterTests" name="testPlaceholderTexts" time="13.146"/>
  <testcase classname="com.opencart.tests.RegisterTests" name="testMandatoryFieldIndicators" time="10.938"/>
  <testcase classname="com.opencart.tests.RegisterTests" name="testPageMetadata" time="10.82"/>
  <testcase classname="com.opencart.tests.RegisterTests" name="testUILayout" time="11.194"/>
  <testcase classname="com.opencart.tests.RegisterTests" name="testRegistrationWithMandatoryFields" time="12.783"/>
  <testcase classname="com.opencart.tests.RegisterTests" name="testRegistrationWithAllFields" time="7.843"/>
  <testcase classname="com.opencart.tests.RegisterTests" name="testEmptyMandatoryFields" time="28.68"/>
  <testcase classname="com.opencart.tests.RegisterTests" name="testFieldsWithSpacesOnly" time="96.162"/>
  <testcase classname="com.opencart.tests.RegisterTests" name="testTrimSpaces" time="12.148"/>
  <testcase classname="com.opencart.tests.RegisterTests" name="testInvalidEmailFormat" time="149.308">
    <failure type="java.lang.AssertionError" message="The following asserts failed:
	No email validation detected for value: &amp;apos;&amp;apos;. Expected HTML5 validation, JavaScript validation, or server-side error. expected [true] but found [false],
	Invalid email warning (via CommonWrapper) not shown! expected [true] but found [false],
	Email validation message (via HTML5) not as expected! expected [true] but found [false],
	Email field incorrectly reported as valid! expected [false] but found [true]">
      <![CDATA[java.lang.AssertionError: The following asserts failed:
No email validation detected for value: ''. Expected HTML5 validation, JavaScript validation, or server-side error. expected [true] but found [false],
Invalid email warning (via CommonWrapper) not shown! expected [true] but found [false],
Email validation message (via HTML5) not as expected! expected [true] but found [false],
Email field incorrectly reported as valid! expected [false] but found [true]
at com.opencart.pages.RegisterPage.verifyInvalidEmailError(RegisterPage.java:475)
at com.opencart.tests.RegisterTests.testInvalidEmailFormat(RegisterTests.java:324)
at java.base/java.util.ArrayList.forEach(ArrayList.java:1596)
... Removed 31 stack frames]]>
    </failure>
  </testcase> <!-- testInvalidEmailFormat -->
  <testcase classname="com.opencart.tests.RegisterTests" name="testInvalidEmailFormat" time="0.002"/>
  <testcase classname="com.opencart.tests.RegisterTests" name="testInvalidEmailFormat" time="0.001"/>
  <testcase classname="com.opencart.tests.RegisterTests" name="testInvalidEmailFormat" time="158.791">
    <failure type="java.lang.AssertionError" message="The following asserts failed:
	No email validation detected for value: &amp;apos;&amp;apos;. Expected HTML5 validation, JavaScript validation, or server-side error. expected [true] but found [false],
	Invalid email warning (via CommonWrapper) not shown! expected [true] but found [false],
	Email validation message (via HTML5) not as expected! expected [true] but found [false],
	Email field incorrectly reported as valid! expected [false] but found [true],
	Invalid email warning (via CommonWrapper) not shown! expected [true] but found [false],
	Email validation message (via HTML5) not as expected! expected [true] but found [false]">
      <![CDATA[java.lang.AssertionError: The following asserts failed:
No email validation detected for value: ''. Expected HTML5 validation, JavaScript validation, or server-side error. expected [true] but found [false],
Invalid email warning (via CommonWrapper) not shown! expected [true] but found [false],
Email validation message (via HTML5) not as expected! expected [true] but found [false],
Email field incorrectly reported as valid! expected [false] but found [true],
Invalid email warning (via CommonWrapper) not shown! expected [true] but found [false],
Email validation message (via HTML5) not as expected! expected [true] but found [false]
at com.opencart.pages.RegisterPage.verifyInvalidEmailError(RegisterPage.java:475)
at com.opencart.tests.RegisterTests.testInvalidEmailFormat(RegisterTests.java:324)
at java.base/java.util.ArrayList.forEach(ArrayList.java:1596)
... Removed 31 stack frames]]>
    </failure>
  </testcase> <!-- testInvalidEmailFormat -->
  <testcase classname="com.opencart.tests.RegisterTests" name="testInvalidEmailFormat" time="0.002"/>
  <testcase classname="com.opencart.tests.RegisterTests" name="testInvalidPhoneNumber" time="0.001"/>
  <testcase classname="com.opencart.tests.RegisterTests" name="testInvalidPhoneNumber" time="0.002"/>
  <testcase classname="com.opencart.tests.RegisterTests" name="testInvalidPhoneNumber" time="0.001"/>
  <testcase classname="com.opencart.tests.RegisterTests" name="testInvalidPhoneNumber" time="0.001"/>
  <testcase classname="com.opencart.tests.RegisterTests" name="testInvalidPhoneNumber" time="177.266"/>
  <testcase classname="com.opencart.tests.RegisterTests" name="testPasswordComplexity" time="158.936"/>
  <testcase classname="com.opencart.tests.RegisterTests" name="testPasswordMismatchWithData" time="31.741"/>
  <testcase classname="com.opencart.tests.RegisterTests" name="testEmptyPasswordConfirm" time="11.802"/>
  <testcase classname="com.opencart.tests.RegisterTests" name="testPasswordVisibilityToggle" time="10.693"/>
  <testcase classname="com.opencart.tests.RegisterTests" name="testFieldConstraints" time="10.748"/>
  <testcase classname="com.opencart.tests.RegisterTests" name="testNavigationToRegister" time="10.547"/>
  <testcase classname="com.opencart.tests.RegisterTests" name="testKeyboardNavigation" time="11.782"/>
  <testcase classname="com.opencart.tests.RegisterTests" name="testNewsletterSubscriptionYes" time="4.926"/>
  <testcase classname="com.opencart.tests.RegisterTests" name="testNewsletterSubscriptionNo" time="5.209"/>
  <testcase classname="com.opencart.tests.RegisterTests" name="testPrivacyPolicyDefaultState" time="3.516"/>
  <testcase classname="com.opencart.tests.RegisterTests" name="testRegistrationWithoutPrivacyPolicy" time="179.059"/>
  <testcase classname="com.opencart.tests.RegisterTests" name="testDuplicateEmailRegistration" time="17.662"/>
  <testcase classname="com.opencart.tests.RegisterTests" name="testDataStorageVerification" time="12.051"/>
  <testcase classname="com.opencart.tests.RegisterTests" name="testNavigationLinks" time="35.439"/>
  <testcase classname="com.opencart.tests.RegisterTests" name="testConfirmationEmail" time="12.273"/>
  <testcase classname="com.opencart.tests.RegisterTests" name="testCrossBrowserCompatibility" time="4.487"/>
  <testcase classname="com.opencart.tests.RegisterTests" name="cleanupAfterTests" time="7.847"/>
  <testcase classname="com.opencart.tests.RegisterTests" name="testComprehensiveRegistration" time="0.0">
    <ignored/>
  </testcase> <!-- testComprehensiveRegistration -->
</testsuite> <!-- Test -->
