<html>
<head>
<title>TestNG:  Test</title>
<link href="../testng.css" rel="stylesheet" type="text/css" />
<link href="../my-testng.css" rel="stylesheet" type="text/css" />

<style type="text/css">
.log { display: none;} 
.stack-trace { display: none;} 
</style>
<script type="text/javascript">
<!--
function flip(e) {
  current = e.style.display;
  if (current == 'block') {
    e.style.display = 'none';
    return 0;
  }
  else {
    e.style.display = 'block';
    return 1;
  }
}

function toggleBox(szDivId, elem, msg1, msg2)
{
  var res = -1;  if (document.getElementById) {
    res = flip(document.getElementById(szDivId));
  }
  else if (document.all) {
    // this is the way old msie versions work
    res = flip(document.all[szDivId]);
  }
  if(elem) {
    if(res == 0) elem.innerHTML = msg1; else elem.innerHTML = msg2;
  }

}

function toggleAllBoxes() {
  if (document.getElementsByTagName) {
    d = document.getElementsByTagName('div');
    for (i = 0; i < d.length; i++) {
      if (d[i].className == 'log') {
        flip(d[i]);
      }
    }
  }
}

// -->
</script>

</head>
<body>
<h2 align='center'>Test</h2><table border='1' align="center">
<tr>
<td>Tests passed/Failed/Skipped:</td><td>34/2/0</td>
</tr><tr>
<td>Started on:</td><td>Wed Oct 29 14:26:28 IST 2025</td>
</tr>
<tr><td>Total time:</td><td>1229 seconds (1229358 ms)</td>
</tr><tr>
<td>Included groups:</td><td></td>
</tr><tr>
<td>Excluded groups:</td><td></td>
</tr>
</table><p/>
<small><i>(Hover the method name to see the test class name)</i></small><p/>
<table width='100%' border='1' class='invocation-failed'>
<tr><td colspan='4' align='center'><b>FAILED CONFIGURATIONS</b></td></tr>
<tr><td><b>Test method</b></td>
<td><b>Attribute(s)</b></td>
<td width="30%"><b>Exception</b></td>
<td width="10%"><b>Time (seconds)</b></td>
<td><b>Instance</b></td>
</tr>
<tr>
<td title='com.opencart.tests.RegisterTests.tearDownClass()'><b>tearDownClass</b><br>Test class: com.opencart.tests.RegisterTests</td>
<td><div><pre>java.lang.AssertionError: The following asserts failed:
	Password confirmation error should be displayed expected [true] but found [false],
	Should show error message when privacy policy is not accepted expected [true] but found [false]
	at com.opencart.base.BaseTest.tearDownClass(BaseTest.java:93)
	at java.base/java.util.ArrayList.forEach(ArrayList.java:1596)
... Removed 30 stack frames</pre></div><a href='#' onClick='toggleBox("stack-trace2075342214", this, "Click to show all stack frames", "Click to hide stack frames")'>Click to show all stack frames</a>
<div class='stack-trace' id='stack-trace2075342214'><pre>java.lang.AssertionError: The following asserts failed:
	Password confirmation error should be displayed expected [true] but found [false],
	Should show error message when privacy policy is not accepted expected [true] but found [false]
	at org.testng.asserts.SoftAssert.assertAll(SoftAssert.java:46)
	at org.testng.asserts.SoftAssert.assertAll(SoftAssert.java:30)
	at com.opencart.base.BaseTest.tearDownClass(BaseTest.java:93)
	at java.base/jdk.internal.reflect.DirectMethodHandleAccessor.invoke(DirectMethodHandleAccessor.java:103)
	at java.base/java.lang.reflect.Method.invoke(Method.java:580)
	at org.testng.internal.invokers.MethodInvocationHelper.invokeMethod(MethodInvocationHelper.java:141)
	at org.testng.internal.invokers.MethodInvocationHelper.invokeMethodConsideringTimeout(MethodInvocationHelper.java:71)
	at org.testng.internal.invokers.ConfigInvoker.invokeConfigurationMethod(ConfigInvoker.java:400)
	at org.testng.internal.invokers.ConfigInvoker.invokeConfigurations(ConfigInvoker.java:333)
	at org.testng.internal.invokers.TestMethodWorker.invokeAfterClassConfigurations(TestMethodWorker.java:238)
	at org.testng.internal.invokers.TestMethodWorker.invokeAfterClassMethods(TestMethodWorker.java:223)
	at org.testng.internal.invokers.TestMethodWorker.run(TestMethodWorker.java:137)
	at java.base/java.util.ArrayList.forEach(ArrayList.java:1596)
	at org.testng.TestRunner.privateRun(TestRunner.java:741)
	at org.testng.TestRunner.run(TestRunner.java:616)
	at org.testng.SuiteRunner.runTest(SuiteRunner.java:421)
	at org.testng.SuiteRunner.runSequentially(SuiteRunner.java:413)
	at org.testng.SuiteRunner.privateRun(SuiteRunner.java:373)
	at org.testng.SuiteRunner.run(SuiteRunner.java:312)
	at org.testng.SuiteRunnerWorker.runSuite(SuiteRunnerWorker.java:52)
	at org.testng.SuiteRunnerWorker.run(SuiteRunnerWorker.java:95)
	at org.testng.TestNG.runSuitesSequentially(TestNG.java:1274)
	at org.testng.TestNG.runSuitesLocally(TestNG.java:1208)
	at org.testng.TestNG.runSuites(TestNG.java:1112)
	at org.testng.TestNG.run(TestNG.java:1079)
	at org.apache.maven.surefire.testng.TestNGExecutor.run(TestNGExecutor.java:308)
	at org.apache.maven.surefire.testng.TestNGXmlTestSuite.execute(TestNGXmlTestSuite.java:71)
	at org.apache.maven.surefire.testng.TestNGProvider.invoke(TestNGProvider.java:113)
	at org.apache.maven.surefire.booter.ForkedBooter.runSuitesInProcess(ForkedBooter.java:385)
	at org.apache.maven.surefire.booter.ForkedBooter.execute(ForkedBooter.java:162)
	at org.apache.maven.surefire.booter.ForkedBooter.run(ForkedBooter.java:507)
	at org.apache.maven.surefire.booter.ForkedBooter.main(ForkedBooter.java:495)
</pre></div></td>
<td>0</td>
<td>com.opencart.tests.RegisterTests@46d9aec8</td></tr>
</table><p>
<table width='100%' border='1' class='invocation-failed'>
<tr><td colspan='4' align='center'><b>FAILED TESTS</b></td></tr>
<tr><td><b>Test method</b></td>
<td><b>Attribute(s)</b></td>
<td width="30%"><b>Exception</b></td>
<td width="10%"><b>Time (seconds)</b></td>
<td><b>Instance</b></td>
</tr>
<tr>
<td title='com.opencart.tests.RegisterTests.testInvalidEmailFormat()'><b>testInvalidEmailFormat</b><br>Test class: com.opencart.tests.RegisterTests<br>Test method: Validate registration with invalid email format<br>Parameters: At, lee, invalidemail, 9988776655, Password@123, Password@123, TRUE</td>
<td><div><pre>java.lang.AssertionError: The following asserts failed:
	No email validation detected for value: &apos;&apos;. Expected HTML5 validation, JavaScript validation, or server-side error. expected [true] but found [false],
	Invalid email warning (via CommonWrapper) not shown! expected [true] but found [false],
	Email validation message (via HTML5) not as expected! expected [true] but found [false],
	Email field incorrectly reported as valid! expected [false] but found [true],
	Invalid email warning (via CommonWrapper) not shown! expected [true] but found [false],
	Email validation message (via HTML5) not as expected! expected [true] but found [false]
	at com.opencart.pages.RegisterPage.verifyInvalidEmailError(RegisterPage.java:475)
	at com.opencart.tests.RegisterTests.testInvalidEmailFormat(RegisterTests.java:324)
	at java.base/java.util.ArrayList.forEach(ArrayList.java:1596)
... Removed 31 stack frames</pre></div><a href='#' onClick='toggleBox("stack-trace176708257", this, "Click to show all stack frames", "Click to hide stack frames")'>Click to show all stack frames</a>
<div class='stack-trace' id='stack-trace176708257'><pre>java.lang.AssertionError: The following asserts failed:
	No email validation detected for value: &apos;&apos;. Expected HTML5 validation, JavaScript validation, or server-side error. expected [true] but found [false],
	Invalid email warning (via CommonWrapper) not shown! expected [true] but found [false],
	Email validation message (via HTML5) not as expected! expected [true] but found [false],
	Email field incorrectly reported as valid! expected [false] but found [true],
	Invalid email warning (via CommonWrapper) not shown! expected [true] but found [false],
	Email validation message (via HTML5) not as expected! expected [true] but found [false]
	at org.testng.asserts.SoftAssert.assertAll(SoftAssert.java:46)
	at org.testng.asserts.SoftAssert.assertAll(SoftAssert.java:30)
	at com.opencart.pages.RegisterPage.verifyInvalidEmailError(RegisterPage.java:475)
	at com.opencart.tests.RegisterTests.testInvalidEmailFormat(RegisterTests.java:324)
	at java.base/jdk.internal.reflect.DirectMethodHandleAccessor.invoke(DirectMethodHandleAccessor.java:103)
	at java.base/java.lang.reflect.Method.invoke(Method.java:580)
	at org.testng.internal.invokers.MethodInvocationHelper.invokeMethod(MethodInvocationHelper.java:141)
	at org.testng.internal.invokers.TestInvoker.invokeMethod(TestInvoker.java:687)
	at org.testng.internal.invokers.TestInvoker.invokeTestMethod(TestInvoker.java:230)
	at org.testng.internal.invokers.MethodRunner.runInSequence(MethodRunner.java:63)
	at org.testng.internal.invokers.TestInvoker$MethodInvocationAgent.invoke(TestInvoker.java:995)
	at org.testng.internal.invokers.TestInvoker.invokeTestMethods(TestInvoker.java:203)
	at org.testng.internal.invokers.TestMethodWorker.invokeTestMethods(TestMethodWorker.java:154)
	at org.testng.internal.invokers.TestMethodWorker.run(TestMethodWorker.java:134)
	at java.base/java.util.ArrayList.forEach(ArrayList.java:1596)
	at org.testng.TestRunner.privateRun(TestRunner.java:741)
	at org.testng.TestRunner.run(TestRunner.java:616)
	at org.testng.SuiteRunner.runTest(SuiteRunner.java:421)
	at org.testng.SuiteRunner.runSequentially(SuiteRunner.java:413)
	at org.testng.SuiteRunner.privateRun(SuiteRunner.java:373)
	at org.testng.SuiteRunner.run(SuiteRunner.java:312)
	at org.testng.SuiteRunnerWorker.runSuite(SuiteRunnerWorker.java:52)
	at org.testng.SuiteRunnerWorker.run(SuiteRunnerWorker.java:95)
	at org.testng.TestNG.runSuitesSequentially(TestNG.java:1274)
	at org.testng.TestNG.runSuitesLocally(TestNG.java:1208)
	at org.testng.TestNG.runSuites(TestNG.java:1112)
	at org.testng.TestNG.run(TestNG.java:1079)
	at org.apache.maven.surefire.testng.TestNGExecutor.run(TestNGExecutor.java:308)
	at org.apache.maven.surefire.testng.TestNGXmlTestSuite.execute(TestNGXmlTestSuite.java:71)
	at org.apache.maven.surefire.testng.TestNGProvider.invoke(TestNGProvider.java:113)
	at org.apache.maven.surefire.booter.ForkedBooter.runSuitesInProcess(ForkedBooter.java:385)
	at org.apache.maven.surefire.booter.ForkedBooter.execute(ForkedBooter.java:162)
	at org.apache.maven.surefire.booter.ForkedBooter.run(ForkedBooter.java:507)
	at org.apache.maven.surefire.booter.ForkedBooter.main(ForkedBooter.java:495)
</pre></div></td>
<td>158</td>
<td>com.opencart.tests.RegisterTests@46d9aec8</td></tr>
<tr>
<td title='com.opencart.tests.RegisterTests.testInvalidEmailFormat()'><b>testInvalidEmailFormat</b><br>Test class: com.opencart.tests.RegisterTests<br>Test method: Validate registration with invalid email format<br>Parameters: Vimal, Kumar, , 9876543210, Password@123, Password@123, TRUE</td>
<td><div><pre>java.lang.AssertionError: The following asserts failed:
	No email validation detected for value: &apos;&apos;. Expected HTML5 validation, JavaScript validation, or server-side error. expected [true] but found [false],
	Invalid email warning (via CommonWrapper) not shown! expected [true] but found [false],
	Email validation message (via HTML5) not as expected! expected [true] but found [false],
	Email field incorrectly reported as valid! expected [false] but found [true]
	at com.opencart.pages.RegisterPage.verifyInvalidEmailError(RegisterPage.java:475)
	at com.opencart.tests.RegisterTests.testInvalidEmailFormat(RegisterTests.java:324)
	at java.base/java.util.ArrayList.forEach(ArrayList.java:1596)
... Removed 31 stack frames</pre></div><a href='#' onClick='toggleBox("stack-trace909633064", this, "Click to show all stack frames", "Click to hide stack frames")'>Click to show all stack frames</a>
<div class='stack-trace' id='stack-trace909633064'><pre>java.lang.AssertionError: The following asserts failed:
	No email validation detected for value: &apos;&apos;. Expected HTML5 validation, JavaScript validation, or server-side error. expected [true] but found [false],
	Invalid email warning (via CommonWrapper) not shown! expected [true] but found [false],
	Email validation message (via HTML5) not as expected! expected [true] but found [false],
	Email field incorrectly reported as valid! expected [false] but found [true]
	at org.testng.asserts.SoftAssert.assertAll(SoftAssert.java:46)
	at org.testng.asserts.SoftAssert.assertAll(SoftAssert.java:30)
	at com.opencart.pages.RegisterPage.verifyInvalidEmailError(RegisterPage.java:475)
	at com.opencart.tests.RegisterTests.testInvalidEmailFormat(RegisterTests.java:324)
	at java.base/jdk.internal.reflect.DirectMethodHandleAccessor.invoke(DirectMethodHandleAccessor.java:103)
	at java.base/java.lang.reflect.Method.invoke(Method.java:580)
	at org.testng.internal.invokers.MethodInvocationHelper.invokeMethod(MethodInvocationHelper.java:141)
	at org.testng.internal.invokers.TestInvoker.invokeMethod(TestInvoker.java:687)
	at org.testng.internal.invokers.TestInvoker.invokeTestMethod(TestInvoker.java:230)
	at org.testng.internal.invokers.MethodRunner.runInSequence(MethodRunner.java:63)
	at org.testng.internal.invokers.TestInvoker$MethodInvocationAgent.invoke(TestInvoker.java:995)
	at org.testng.internal.invokers.TestInvoker.invokeTestMethods(TestInvoker.java:203)
	at org.testng.internal.invokers.TestMethodWorker.invokeTestMethods(TestMethodWorker.java:154)
	at org.testng.internal.invokers.TestMethodWorker.run(TestMethodWorker.java:134)
	at java.base/java.util.ArrayList.forEach(ArrayList.java:1596)
	at org.testng.TestRunner.privateRun(TestRunner.java:741)
	at org.testng.TestRunner.run(TestRunner.java:616)
	at org.testng.SuiteRunner.runTest(SuiteRunner.java:421)
	at org.testng.SuiteRunner.runSequentially(SuiteRunner.java:413)
	at org.testng.SuiteRunner.privateRun(SuiteRunner.java:373)
	at org.testng.SuiteRunner.run(SuiteRunner.java:312)
	at org.testng.SuiteRunnerWorker.runSuite(SuiteRunnerWorker.java:52)
	at org.testng.SuiteRunnerWorker.run(SuiteRunnerWorker.java:95)
	at org.testng.TestNG.runSuitesSequentially(TestNG.java:1274)
	at org.testng.TestNG.runSuitesLocally(TestNG.java:1208)
	at org.testng.TestNG.runSuites(TestNG.java:1112)
	at org.testng.TestNG.run(TestNG.java:1079)
	at org.apache.maven.surefire.testng.TestNGExecutor.run(TestNGExecutor.java:308)
	at org.apache.maven.surefire.testng.TestNGXmlTestSuite.execute(TestNGXmlTestSuite.java:71)
	at org.apache.maven.surefire.testng.TestNGProvider.invoke(TestNGProvider.java:113)
	at org.apache.maven.surefire.booter.ForkedBooter.runSuitesInProcess(ForkedBooter.java:385)
	at org.apache.maven.surefire.booter.ForkedBooter.execute(ForkedBooter.java:162)
	at org.apache.maven.surefire.booter.ForkedBooter.run(ForkedBooter.java:507)
	at org.apache.maven.surefire.booter.ForkedBooter.main(ForkedBooter.java:495)
</pre></div></td>
<td>149</td>
<td>com.opencart.tests.RegisterTests@46d9aec8</td></tr>
</table><p>
<table width='100%' border='1' class='invocation-passed'>
<tr><td colspan='4' align='center'><b>PASSED TESTS</b></td></tr>
<tr><td><b>Test method</b></td>
<td><b>Attribute(s)</b></td>
<td width="30%"><b>Exception</b></td>
<td width="10%"><b>Time (seconds)</b></td>
<td><b>Instance</b></td>
</tr>
<tr>
<td title='com.opencart.tests.RegisterTests.testPrivacyPolicyDefaultState()'><b>testPrivacyPolicyDefaultState</b><br>Test class: com.opencart.tests.RegisterTests<br>Test method: Validate Privacy Policy checkbox default state</td>
<td></td>
<td>3</td>
<td>com.opencart.tests.RegisterTests@46d9aec8</td></tr>
<tr>
<td title='com.opencart.tests.RegisterTests.testPasswordMismatchWithData()'><b>testPasswordMismatchWithData</b><br>Test class: com.opencart.tests.RegisterTests<br>Test method: Validate password mismatch error<br>Parameters: Shiva, B, shivab1@test.com, 9988776655, Password@123, Password@1234, TRUE</td>
<td></td>
<td>31</td>
<td>com.opencart.tests.RegisterTests@46d9aec8</td></tr>
<tr>
<td title='com.opencart.tests.RegisterTests.testFieldConstraints()'><b>testFieldConstraints</b><br>Test class: com.opencart.tests.RegisterTests<br>Test method: Validate field constraints and character limits</td>
<td></td>
<td>10</td>
<td>com.opencart.tests.RegisterTests@46d9aec8</td></tr>
<tr>
<td title='com.opencart.tests.RegisterTests.testNavigationLinks()'><b>testNavigationLinks</b><br>Test class: com.opencart.tests.RegisterTests<br>Test method: Validate all navigation links on register page</td>
<td></td>
<td>35</td>
<td>com.opencart.tests.RegisterTests@46d9aec8</td></tr>
<tr>
<td title='com.opencart.tests.RegisterTests.cleanupAfterTests()'><b>cleanupAfterTests</b><br>Test class: com.opencart.tests.RegisterTests<br>Test method: Cleanup and navigation to home</td>
<td></td>
<td>7</td>
<td>com.opencart.tests.RegisterTests@46d9aec8</td></tr>
<tr>
<td title='com.opencart.tests.RegisterTests.testInvalidEmailFormat()'><b>testInvalidEmailFormat</b><br>Test class: com.opencart.tests.RegisterTests<br>Test method: Validate registration with invalid email format<br>Parameters: Vimal, Kumar, vimal1@test.com, invalid-phone, Password@123, Password@123, TRUE</td>
<td></td>
<td>0</td>
<td>com.opencart.tests.RegisterTests@46d9aec8</td></tr>
<tr>
<td title='com.opencart.tests.RegisterTests.testEmptyPasswordConfirm()'><b>testEmptyPasswordConfirm</b><br>Test class: com.opencart.tests.RegisterTests<br>Test method: Validate empty password confirm field</td>
<td></td>
<td>11</td>
<td>com.opencart.tests.RegisterTests@46d9aec8</td></tr>
<tr>
<td title='com.opencart.tests.RegisterTests.testPageMetadata()'><b>testPageMetadata</b><br>Test class: com.opencart.tests.RegisterTests<br>Test method: Validate page metadata</td>
<td></td>
<td>10</td>
<td>com.opencart.tests.RegisterTests@46d9aec8</td></tr>
<tr>
<td title='com.opencart.tests.RegisterTests.testRegistrationWithoutPrivacyPolicy()'><b>testRegistrationWithoutPrivacyPolicy</b><br>Test class: com.opencart.tests.RegisterTests<br>Test method: Validate registration fails without Privacy Policy agreement<br>Parameters: Venkat, Rajendran, venkatr1@test.com, 9988776655, Password@123, Password@123, FALSE</td>
<td></td>
<td>179</td>
<td>com.opencart.tests.RegisterTests@46d9aec8</td></tr>
<tr>
<td title='com.opencart.tests.RegisterTests.testDataStorageVerification()'><b>testDataStorageVerification</b><br>Test class: com.opencart.tests.RegisterTests<br>Test method: Validate data storage verification<br>Parameters: Yogi, B, vimal1@test.com, 9988776655, Password@123, Password@123, TRUE</td>
<td></td>
<td>12</td>
<td>com.opencart.tests.RegisterTests@46d9aec8</td></tr>
<tr>
<td title='com.opencart.tests.RegisterTests.testUILayout()'><b>testUILayout</b><br>Test class: com.opencart.tests.RegisterTests<br>Test method: Validate UI layout and design</td>
<td></td>
<td>11</td>
<td>com.opencart.tests.RegisterTests@46d9aec8</td></tr>
<tr>
<td title='com.opencart.tests.RegisterTests.testRegistrationWithMandatoryFields()'><b>testRegistrationWithMandatoryFields</b><br>Test class: com.opencart.tests.RegisterTests<br>Test method: Validate registration using only mandatory fields</td>
<td></td>
<td>12</td>
<td>com.opencart.tests.RegisterTests@46d9aec8</td></tr>
<tr>
<td title='com.opencart.tests.RegisterTests.testInvalidEmailFormat()'><b>testInvalidEmailFormat</b><br>Test class: com.opencart.tests.RegisterTests<br>Test method: Validate registration with invalid email format<br>Parameters: Venkat, Rajendran, venkatr1@test.com, 9988776655, Password@123, Password@123, FALSE</td>
<td></td>
<td>0</td>
<td>com.opencart.tests.RegisterTests@46d9aec8</td></tr>
<tr>
<td title='com.opencart.tests.RegisterTests.testKeyboardNavigation()'><b>testKeyboardNavigation</b><br>Test class: com.opencart.tests.RegisterTests<br>Test method: Validate registration using keyboard navigation</td>
<td></td>
<td>11</td>
<td>com.opencart.tests.RegisterTests@46d9aec8</td></tr>
<tr>
<td title='com.opencart.tests.RegisterTests.testPasswordVisibilityToggle()'><b>testPasswordVisibilityToggle</b><br>Test class: com.opencart.tests.RegisterTests<br>Test method: Validate password visibility toggle</td>
<td></td>
<td>10</td>
<td>com.opencart.tests.RegisterTests@46d9aec8</td></tr>
<tr>
<td title='com.opencart.tests.RegisterTests.testInvalidPhoneNumber()'><b>testInvalidPhoneNumber</b><br>Test class: com.opencart.tests.RegisterTests<br>Test method: Validate registration with invalid phone number<br>Parameters: Vimal, Kumar, vimal1@test.com, invalid-phone, Password@123, Password@123, TRUE</td>
<td></td>
<td>177</td>
<td>com.opencart.tests.RegisterTests@46d9aec8</td></tr>
<tr>
<td title='com.opencart.tests.RegisterTests.testRegistrationWithAllFields()'><b>testRegistrationWithAllFields</b><br>Test class: com.opencart.tests.RegisterTests<br>Test method: Validate registration with all available fields</td>
<td></td>
<td>7</td>
<td>com.opencart.tests.RegisterTests@46d9aec8</td></tr>
<tr>
<td title='com.opencart.tests.RegisterTests.testEmptyMandatoryFields()'><b>testEmptyMandatoryFields</b><br>Test class: com.opencart.tests.RegisterTests<br>Test method: Validate error messages for empty mandatory fields</td>
<td></td>
<td>28</td>
<td>com.opencart.tests.RegisterTests@46d9aec8</td></tr>
<tr>
<td title='com.opencart.tests.RegisterTests.testPlaceholderTexts()'><b>testPlaceholderTexts</b><br>Test class: com.opencart.tests.RegisterTests<br>Test method: Validate placeholder texts in registration form fields</td>
<td></td>
<td>13</td>
<td>com.opencart.tests.RegisterTests@46d9aec8</td></tr>
<tr>
<td title='com.opencart.tests.RegisterTests.testDuplicateEmailRegistration()'><b>testDuplicateEmailRegistration</b><br>Test class: com.opencart.tests.RegisterTests<br>Test method: Validate registration with existing email address</td>
<td></td>
<td>17</td>
<td>com.opencart.tests.RegisterTests@46d9aec8</td></tr>
<tr>
<td title='com.opencart.tests.RegisterTests.testFieldsWithSpacesOnly()'><b>testFieldsWithSpacesOnly</b><br>Test class: com.opencart.tests.RegisterTests<br>Test method: Validate fields don't accept only spaces</td>
<td></td>
<td>96</td>
<td>com.opencart.tests.RegisterTests@46d9aec8</td></tr>
<tr>
<td title='com.opencart.tests.RegisterTests.testCrossBrowserCompatibility()'><b>testCrossBrowserCompatibility</b><br>Test class: com.opencart.tests.RegisterTests<br>Test method: Validate cross-browser compatibility<br>Parameters: Yogi, B, vimal1@test.com, 9988776655, Password@123, Password@123, TRUE</td>
<td></td>
<td>4</td>
<td>com.opencart.tests.RegisterTests@46d9aec8</td></tr>
<tr>
<td title='com.opencart.tests.RegisterTests.testPasswordComplexity()'><b>testPasswordComplexity</b><br>Test class: com.opencart.tests.RegisterTests<br>Test method: Validate password complexity requirements</td>
<td></td>
<td>158</td>
<td>com.opencart.tests.RegisterTests@46d9aec8</td></tr>
<tr>
<td title='com.opencart.tests.RegisterTests.testMandatoryFieldIndicators()'><b>testMandatoryFieldIndicators</b><br>Test class: com.opencart.tests.RegisterTests<br>Test method: Validate mandatory field indicators</td>
<td></td>
<td>10</td>
<td>com.opencart.tests.RegisterTests@46d9aec8</td></tr>
<tr>
<td title='com.opencart.tests.RegisterTests.testNewsletterSubscriptionYes()'><b>testNewsletterSubscriptionYes</b><br>Test class: com.opencart.tests.RegisterTests<br>Test method: Validate registration with Newsletter subscription (Yes)</td>
<td></td>
<td>4</td>
<td>com.opencart.tests.RegisterTests@46d9aec8</td></tr>
<tr>
<td title='com.opencart.tests.RegisterTests.testInvalidPhoneNumber()'><b>testInvalidPhoneNumber</b><br>Test class: com.opencart.tests.RegisterTests<br>Test method: Validate registration with invalid phone number<br>Parameters: At, lee, invalidemail, 9988776655, Password@123, Password@123, TRUE</td>
<td></td>
<td>0</td>
<td>com.opencart.tests.RegisterTests@46d9aec8</td></tr>
<tr>
<td title='com.opencart.tests.RegisterTests.testConfirmationEmail()'><b>testConfirmationEmail</b><br>Test class: com.opencart.tests.RegisterTests<br>Test method: Validate confirmation email process<br>Parameters: Yogi, B, vimal1@test.com, 9988776655, Password@123, Password@123, TRUE</td>
<td></td>
<td>12</td>
<td>com.opencart.tests.RegisterTests@46d9aec8</td></tr>
<tr>
<td title='com.opencart.tests.RegisterTests.testTrimSpaces()'><b>testTrimSpaces</b><br>Test class: com.opencart.tests.RegisterTests<br>Test method: Validate trimming of leading/trailing spaces</td>
<td></td>
<td>12</td>
<td>com.opencart.tests.RegisterTests@46d9aec8</td></tr>
<tr>
<td title='com.opencart.tests.RegisterTests.testInvalidPhoneNumber()'><b>testInvalidPhoneNumber</b><br>Test class: com.opencart.tests.RegisterTests<br>Test method: Validate registration with invalid phone number<br>Parameters: Shiva, B, shivab1@test.com, 9988776655, Password@123, Password@1234, TRUE</td>
<td></td>
<td>0</td>
<td>com.opencart.tests.RegisterTests@46d9aec8</td></tr>
<tr>
<td title='com.opencart.tests.RegisterTests.testInvalidPhoneNumber()'><b>testInvalidPhoneNumber</b><br>Test class: com.opencart.tests.RegisterTests<br>Test method: Validate registration with invalid phone number<br>Parameters: Venkat, Rajendran, venkatr1@test.com, 9988776655, Password@123, Password@123, FALSE</td>
<td></td>
<td>0</td>
<td>com.opencart.tests.RegisterTests@46d9aec8</td></tr>
<tr>
<td title='com.opencart.tests.RegisterTests.testNavigationToRegister()'><b>testNavigationToRegister</b><br>Test class: com.opencart.tests.RegisterTests<br>Test method: Validate navigation to register page</td>
<td></td>
<td>10</td>
<td>com.opencart.tests.RegisterTests@46d9aec8</td></tr>
<tr>
<td title='com.opencart.tests.RegisterTests.testNewsletterSubscriptionNo()'><b>testNewsletterSubscriptionNo</b><br>Test class: com.opencart.tests.RegisterTests<br>Test method: Validate registration with Newsletter subscription (No)</td>
<td></td>
<td>5</td>
<td>com.opencart.tests.RegisterTests@46d9aec8</td></tr>
<tr>
<td title='com.opencart.tests.RegisterTests.testInvalidPhoneNumber()'><b>testInvalidPhoneNumber</b><br>Test class: com.opencart.tests.RegisterTests<br>Test method: Validate registration with invalid phone number<br>Parameters: Vimal, Kumar, , 9876543210, Password@123, Password@123, TRUE</td>
<td></td>
<td>0</td>
<td>com.opencart.tests.RegisterTests@46d9aec8</td></tr>
<tr>
<td title='com.opencart.tests.RegisterTests.testInvalidEmailFormat()'><b>testInvalidEmailFormat</b><br>Test class: com.opencart.tests.RegisterTests<br>Test method: Validate registration with invalid email format<br>Parameters: Shiva, B, shivab1@test.com, 9988776655, Password@123, Password@1234, TRUE</td>
<td></td>
<td>0</td>
<td>com.opencart.tests.RegisterTests@46d9aec8</td></tr>
</table><p>
</body>
</html>